<?xml version="1.0" encoding="UTF-8"?>
<coverage generated="1698186267780" clover="3.2.0">
  <project timestamp="1698186267780" name="All files">
    <metrics statements="269" coveredstatements="138" conditionals="155" coveredconditionals="59" methods="71" coveredmethods="35" elements="495" coveredelements="232" complexity="0" loc="269" ncloc="269" packages="4" files="8" classes="8"/>
    <package name="src">
      <metrics statements="4" coveredstatements="0" conditionals="4" coveredconditionals="0" methods="1" coveredmethods="0"/>
      <file name="App.js" path="/Users/yinchen/comp531/HW4/hw4/hw4-stonehard0208/src/App.js">
        <metrics statements="4" coveredstatements="0" conditionals="4" coveredconditionals="0" methods="1" coveredmethods="0"/>
        <line num="12" count="0" type="stmt"/>
        <line num="13" count="0" type="cond" truecount="0" falsecount="4"/>
        <line num="14" count="0" type="stmt"/>
        <line num="17" count="0" type="stmt"/>
      </file>
    </package>
    <package name="src.components.auth">
      <metrics statements="94" coveredstatements="33" conditionals="35" coveredconditionals="11" methods="15" coveredmethods="6"/>
      <file name="Landing.jsx" path="/Users/yinchen/comp531/HW4/hw4/hw4-stonehard0208/src/components/auth/Landing.jsx">
        <metrics statements="13" coveredstatements="0" conditionals="4" coveredconditionals="0" methods="3" coveredmethods="0"/>
        <line num="9" count="0" type="stmt"/>
        <line num="10" count="0" type="stmt"/>
        <line num="11" count="0" type="stmt"/>
        <line num="12" count="0" type="stmt"/>
        <line num="13" count="0" type="stmt"/>
        <line num="14" count="0" type="stmt"/>
        <line num="16" count="0" type="cond" truecount="0" falsecount="4"/>
        <line num="17" count="0" type="stmt"/>
        <line num="20" count="0" type="stmt"/>
        <line num="21" count="0" type="stmt"/>
        <line num="23" count="0" type="stmt"/>
        <line num="27" count="0" type="stmt"/>
        <line num="31" count="0" type="stmt"/>
      </file>
      <file name="Login.jsx" path="/Users/yinchen/comp531/HW4/hw4/hw4-stonehard0208/src/components/auth/Login.jsx">
        <metrics statements="43" coveredstatements="32" conditionals="18" coveredconditionals="11" methods="6" coveredmethods="6"/>
        <line num="9" count="15" type="stmt"/>
        <line num="10" count="15" type="stmt"/>
        <line num="11" count="15" type="stmt"/>
        <line num="13" count="15" type="stmt"/>
        <line num="14" count="15" type="stmt"/>
        <line num="15" count="15" type="stmt"/>
        <line num="17" count="15" type="stmt"/>
        <line num="19" count="15" type="stmt"/>
        <line num="20" count="2" type="stmt"/>
        <line num="21" count="2" type="stmt"/>
        <line num="22" count="2" type="stmt"/>
        <line num="23" count="2" type="cond" truecount="1" falsecount="1"/>
        <line num="24" count="0" type="stmt"/>
        <line num="27" count="2" type="stmt"/>
        <line num="31" count="2" type="stmt"/>
        <line num="32" count="2" type="stmt"/>
        <line num="34" count="0" type="stmt"/>
        <line num="35" count="0" type="stmt"/>
        <line num="39" count="2" type="stmt"/>
        <line num="43" count="15" type="stmt"/>
        <line num="44" count="11" type="cond" truecount="1" falsecount="1"/>
        <line num="49" count="11" type="cond" truecount="2" falsecount="2"/>
        <line num="50" count="0" type="cond" truecount="0" falsecount="2"/>
        <line num="51" count="0" type="stmt"/>
        <line num="52" count="0" type="stmt"/>
        <line num="53" count="0" type="stmt"/>
        <line num="55" count="0" type="stmt"/>
        <line num="56" count="0" type="stmt"/>
        <line num="61" count="65" type="stmt"/>
        <line num="63" count="11" type="cond" truecount="2" falsecount="0"/>
        <line num="64" count="10" type="cond" truecount="3" falsecount="1"/>
        <line num="65" count="10" type="stmt"/>
        <line num="79" count="10" type="stmt"/>
        <line num="80" count="10" type="stmt"/>
        <line num="81" count="10" type="stmt"/>
        <line num="82" count="10" type="stmt"/>
        <line num="84" count="0" type="stmt"/>
        <line num="85" count="0" type="stmt"/>
        <line num="89" count="1" type="stmt"/>
        <line num="95" count="15" type="cond" truecount="2" falsecount="0"/>
        <line num="96" count="2" type="stmt"/>
        <line num="100" count="13" type="stmt"/>
        <line num="114" count="11" type="stmt"/>
      </file>
      <file name="Registration.jsx" path="/Users/yinchen/comp531/HW4/hw4/hw4-stonehard0208/src/components/auth/Registration.jsx">
        <metrics statements="37" coveredstatements="0" conditionals="13" coveredconditionals="0" methods="6" coveredmethods="0"/>
        <line num="10" count="0" type="stmt"/>
        <line num="12" count="0" type="stmt"/>
        <line num="25" count="0" type="stmt"/>
        <line num="27" count="0" type="stmt"/>
        <line num="28" count="0" type="stmt"/>
        <line num="29" count="0" type="stmt"/>
        <line num="35" count="0" type="stmt"/>
        <line num="36" count="0" type="stmt"/>
        <line num="37" count="0" type="stmt"/>
        <line num="38" count="0" type="stmt"/>
        <line num="40" count="0" type="stmt"/>
        <line num="42" count="0" type="cond" truecount="0" falsecount="5"/>
        <line num="44" count="0" type="stmt"/>
        <line num="47" count="0" type="stmt"/>
        <line num="50" count="0" type="stmt"/>
        <line num="51" count="0" type="stmt"/>
        <line num="52" count="0" type="stmt"/>
        <line num="55" count="0" type="stmt"/>
        <line num="56" count="0" type="stmt"/>
        <line num="58" count="0" type="cond" truecount="0" falsecount="2"/>
        <line num="59" count="0" type="stmt"/>
        <line num="60" count="0" type="stmt"/>
        <line num="63" count="0" type="cond" truecount="0" falsecount="2"/>
        <line num="64" count="0" type="stmt"/>
        <line num="65" count="0" type="stmt"/>
        <line num="68" count="0" type="cond" truecount="0" falsecount="2"/>
        <line num="70" count="0" type="stmt"/>
        <line num="72" count="0" type="cond" truecount="0" falsecount="2"/>
        <line num="73" count="0" type="stmt"/>
        <line num="75" count="0" type="stmt"/>
        <line num="77" count="0" type="stmt"/>
        <line num="79" count="0" type="stmt"/>
        <line num="81" count="0" type="stmt"/>
        <line num="82" count="0" type="stmt"/>
        <line num="83" count="0" type="stmt"/>
        <line num="88" count="0" type="stmt"/>
        <line num="92" count="0" type="stmt"/>
      </file>
      <file name="UserContext.jsx" path="/Users/yinchen/comp531/HW4/hw4/hw4-stonehard0208/src/components/auth/UserContext.jsx">
        <metrics statements="1" coveredstatements="1" conditionals="0" coveredconditionals="0" methods="0" coveredmethods="0"/>
        <line num="3" count="4" type="stmt"/>
      </file>
    </package>
    <package name="src.components.main">
      <metrics statements="109" coveredstatements="86" conditionals="59" coveredconditionals="38" methods="44" coveredmethods="25"/>
      <file name="Main.jsx" path="/Users/yinchen/comp531/HW4/hw4/hw4-stonehard0208/src/components/main/Main.jsx">
        <metrics statements="9" coveredstatements="8" conditionals="0" coveredconditionals="0" methods="3" coveredmethods="2"/>
        <line num="9" count="6" type="stmt"/>
        <line num="10" count="6" type="stmt"/>
        <line num="12" count="6" type="stmt"/>
        <line num="13" count="1" type="stmt"/>
        <line num="14" count="1" type="stmt"/>
        <line num="15" count="1" type="stmt"/>
        <line num="18" count="6" type="stmt"/>
        <line num="19" count="0" type="stmt"/>
        <line num="23" count="6" type="stmt"/>
      </file>
      <file name="Post.jsx" path="/Users/yinchen/comp531/HW4/hw4/hw4-stonehard0208/src/components/main/Post.jsx">
        <metrics statements="100" coveredstatements="78" conditionals="59" coveredconditionals="38" methods="41" coveredmethods="23"/>
        <line num="6" count="18" type="stmt"/>
        <line num="7" count="18" type="stmt"/>
        <line num="8" count="18" type="stmt"/>
        <line num="9" count="18" type="stmt"/>
        <line num="10" count="18" type="cond" truecount="2" falsecount="0"/>
        <line num="11" count="18" type="stmt"/>
        <line num="12" count="18" type="stmt"/>
        <line num="13" count="18" type="stmt"/>
        <line num="14" count="18" type="stmt"/>
        <line num="15" count="18" type="stmt"/>
        <line num="16" count="18" type="stmt"/>
        <line num="20" count="18" type="cond" truecount="2" falsecount="0"/>
        <line num="21" count="18" type="stmt"/>
        <line num="24" count="18" type="cond" truecount="2" falsecount="0"/>
        <line num="26" count="18" type="stmt"/>
        <line num="28" count="18" type="stmt"/>
        <line num="29" count="0" type="stmt"/>
        <line num="32" count="18" type="stmt"/>
        <line num="33" count="0" type="stmt"/>
        <line num="34" count="0" type="cond" truecount="0" falsecount="2"/>
        <line num="36" count="0" type="stmt"/>
        <line num="39" count="18" type="stmt"/>
        <line num="40" count="0" type="stmt"/>
        <line num="42" count="18" type="stmt"/>
        <line num="43" count="0" type="stmt"/>
        <line num="44" count="0" type="stmt"/>
        <line num="48" count="18" type="stmt"/>
        <line num="49" count="0" type="stmt"/>
        <line num="54" count="18" type="stmt"/>
        <line num="55" count="14" type="stmt"/>
        <line num="56" count="14" type="stmt"/>
        <line num="57" count="14" type="stmt"/>
        <line num="59" count="2" type="cond" truecount="4" falsecount="0"/>
        <line num="60" count="1" type="stmt"/>
        <line num="63" count="1" type="stmt"/>
        <line num="64" count="1" type="cond" truecount="1" falsecount="1"/>
        <line num="67" count="1" type="stmt"/>
        <line num="76" count="1" type="stmt"/>
        <line num="77" count="1" type="stmt"/>
        <line num="79" count="1" type="stmt"/>
        <line num="80" count="1" type="cond" truecount="2" falsecount="0"/>
        <line num="82" count="1" type="stmt"/>
        <line num="83" count="1" type="stmt"/>
        <line num="84" count="1" type="stmt"/>
        <line num="86" count="1" type="cond" truecount="2" falsecount="0"/>
        <line num="90" count="1" type="stmt"/>
        <line num="92" count="1" type="stmt"/>
        <line num="95" count="14" type="stmt"/>
        <line num="99" count="18" type="stmt"/>
        <line num="100" count="6" type="stmt"/>
        <line num="101" count="6" type="cond" truecount="2" falsecount="0"/>
        <line num="103" count="1" type="stmt"/>
        <line num="110" count="5" type="cond" truecount="1" falsecount="1"/>
        <line num="111" count="5" type="stmt"/>
        <line num="118" count="6" type="stmt"/>
        <line num="123" count="18" type="stmt"/>
        <line num="125" count="0" type="stmt"/>
        <line num="126" count="0" type="cond" truecount="0" falsecount="2"/>
        <line num="132" count="18" type="stmt"/>
        <line num="134" count="18" type="stmt"/>
        <line num="135" count="7" type="cond" truecount="2" falsecount="2"/>
        <line num="138" count="18" type="cond" truecount="2" falsecount="0"/>
        <line num="141" count="18" type="stmt"/>
        <line num="143" count="18" type="stmt"/>
        <line num="144" count="18" type="cond" truecount="2" falsecount="0"/>
        <line num="147" count="18" type="stmt"/>
        <line num="148" count="36" type="stmt"/>
        <line num="149" count="36" type="cond" truecount="2" falsecount="0"/>
        <line num="156" count="18" type="stmt"/>
        <line num="157" count="18" type="stmt"/>
        <line num="162" count="18" type="stmt"/>
        <line num="163" count="1" type="cond" truecount="2" falsecount="3"/>
        <line num="168" count="18" type="cond" truecount="2" falsecount="0"/>
        <line num="170" count="18" type="stmt"/>
        <line num="171" count="0" type="stmt"/>
        <line num="178" count="0" type="stmt"/>
        <line num="180" count="0" type="stmt"/>
        <line num="181" count="0" type="stmt"/>
        <line num="184" count="18" type="stmt"/>
        <line num="185" count="0" type="stmt"/>
        <line num="186" count="0" type="stmt"/>
        <line num="189" count="18" type="stmt"/>
        <line num="190" count="0" type="stmt"/>
        <line num="193" count="18" type="stmt"/>
        <line num="194" count="1" type="stmt"/>
        <line num="197" count="18" type="stmt"/>
        <line num="198" count="10" type="stmt"/>
        <line num="199" count="1" type="cond" truecount="1" falsecount="1"/>
        <line num="200" count="0" type="stmt"/>
        <line num="201" count="0" type="stmt"/>
        <line num="204" count="1" type="stmt"/>
        <line num="207" count="18" type="stmt"/>
        <line num="208" count="3" type="stmt"/>
        <line num="214" count="18" type="stmt"/>
        <line num="235" count="36" type="stmt"/>
        <line num="239" count="1" type="stmt"/>
        <line num="277" count="2" type="stmt"/>
        <line num="280" count="0" type="stmt"/>
        <line num="291" count="0" type="stmt"/>
        <line num="298" count="0" type="stmt"/>
      </file>
    </package>
    <package name="src.components.profile">
      <metrics statements="62" coveredstatements="19" conditionals="57" coveredconditionals="10" methods="11" coveredmethods="4"/>
      <file name="Profile.jsx" path="/Users/yinchen/comp531/HW4/hw4/hw4-stonehard0208/src/components/profile/Profile.jsx">
        <metrics statements="62" coveredstatements="19" conditionals="57" coveredconditionals="10" methods="11" coveredmethods="4"/>
        <line num="10" count="1" type="cond" truecount="1" falsecount="1"/>
        <line num="11" count="1" type="stmt"/>
        <line num="12" count="1" type="stmt"/>
        <line num="13" count="1" type="stmt"/>
        <line num="14" count="0" type="stmt"/>
        <line num="15" count="0" type="stmt"/>
        <line num="18" count="1" type="stmt"/>
        <line num="19" count="1" type="stmt"/>
        <line num="20" count="0" type="cond" truecount="0" falsecount="2"/>
        <line num="21" count="0" type="cond" truecount="0" falsecount="2"/>
        <line num="22" count="0" type="stmt"/>
        <line num="26" count="1" type="stmt"/>
        <line num="28" count="1" type="stmt"/>
        <line num="29" count="1" type="stmt"/>
        <line num="37" count="1" type="stmt"/>
        <line num="38" count="1" type="cond" truecount="1" falsecount="1"/>
        <line num="39" count="1" type="cond" truecount="1" falsecount="1"/>
        <line num="40" count="1" type="stmt"/>
        <line num="44" count="1" type="stmt"/>
        <line num="46" count="0" type="stmt"/>
        <line num="47" count="0" type="stmt"/>
        <line num="49" count="0" type="stmt"/>
        <line num="51" count="0" type="cond" truecount="0" falsecount="5"/>
        <line num="53" count="0" type="stmt"/>
        <line num="56" count="0" type="stmt"/>
        <line num="59" count="1" type="stmt"/>
        <line num="60" count="0" type="stmt"/>
        <line num="61" count="0" type="stmt"/>
        <line num="64" count="1" type="stmt"/>
        <line num="65" count="0" type="stmt"/>
        <line num="67" count="0" type="stmt"/>
        <line num="72" count="0" type="cond" truecount="0" falsecount="2"/>
        <line num="73" count="0" type="stmt"/>
        <line num="78" count="1" type="stmt"/>
        <line num="80" count="0" type="stmt"/>
        <line num="81" count="0" type="cond" truecount="0" falsecount="4"/>
        <line num="82" count="0" type="stmt"/>
        <line num="83" count="0" type="stmt"/>
        <line num="86" count="0" type="cond" truecount="0" falsecount="4"/>
        <line num="87" count="0" type="stmt"/>
        <line num="88" count="0" type="stmt"/>
        <line num="91" count="0" type="cond" truecount="0" falsecount="4"/>
        <line num="92" count="0" type="stmt"/>
        <line num="93" count="0" type="stmt"/>
        <line num="96" count="0" type="cond" truecount="0" falsecount="4"/>
        <line num="97" count="0" type="stmt"/>
        <line num="98" count="0" type="stmt"/>
        <line num="101" count="0" type="cond" truecount="0" falsecount="4"/>
        <line num="102" count="0" type="stmt"/>
        <line num="103" count="0" type="stmt"/>
        <line num="106" count="0" type="cond" truecount="0" falsecount="2"/>
        <line num="107" count="0" type="stmt"/>
        <line num="108" count="0" type="stmt"/>
        <line num="111" count="0" type="cond" truecount="0" falsecount="2"/>
        <line num="112" count="0" type="stmt"/>
        <line num="113" count="0" type="stmt"/>
        <line num="115" count="0" type="cond" truecount="0" falsecount="2"/>
        <line num="117" count="0" type="stmt"/>
        <line num="118" count="0" type="stmt"/>
        <line num="121" count="1" type="cond" truecount="1" falsecount="1"/>
        <line num="122" count="0" type="stmt"/>
        <line num="125" count="1" type="stmt"/>
      </file>
    </package>
  </project>
</coverage>
