{"/Users/yinchen/comp531/HW4/hw4/hw4-stonehard0208/src/App.js": {"path":"/Users/yinchen/comp531/HW4/hw4/hw4-stonehard0208/src/App.js","statementMap":{"0":{"start":{"line":12,"column":21},"end":{"line":12,"column":49}},"1":{"start":{"line":13,"column":22},"end":{"line":13,"column":100}},"2":{"start":{"line":14,"column":26},"end":{"line":14,"column":47}},"3":{"start":{"line":17,"column":2},"end":{"line":33,"column":4}}},"fnMap":{"0":{"name":"App","decl":{"start":{"line":11,"column":9},"end":{"line":11,"column":12}},"loc":{"start":{"line":11,"column":15},"end":{"line":34,"column":1}},"line":11}},"branchMap":{"0":{"loc":{"start":{"line":13,"column":22},"end":{"line":13,"column":100}},"type":"cond-expr","locations":[{"start":{"line":13,"column":71},"end":{"line":13,"column":93}},{"start":{"line":13,"column":96},"end":{"line":13,"column":100}}],"line":13},"1":{"loc":{"start":{"line":13,"column":22},"end":{"line":13,"column":68}},"type":"binary-expr","locations":[{"start":{"line":13,"column":22},"end":{"line":13,"column":32}},{"start":{"line":13,"column":36},"end":{"line":13,"column":68}}],"line":13}},"s":{"0":0,"1":0,"2":0,"3":0},"f":{"0":0},"b":{"0":[0,0],"1":[0,0]}}
,"/Users/yinchen/comp531/HW4/hw4/hw4-stonehard0208/src/components/auth/Landing.jsx": {"path":"/Users/yinchen/comp531/HW4/hw4/hw4-stonehard0208/src/components/auth/Landing.jsx","statementMap":{"0":{"start":{"line":9,"column":28},"end":{"line":9,"column":42}},"1":{"start":{"line":10,"column":4},"end":{"line":28,"column":9}},"2":{"start":{"line":11,"column":32},"end":{"line":25,"column":7}},"3":{"start":{"line":12,"column":10},"end":{"line":24,"column":11}},"4":{"start":{"line":13,"column":31},"end":{"line":13,"column":88}},"5":{"start":{"line":14,"column":14},"end":{"line":14,"column":36}},"6":{"start":{"line":16,"column":14},"end":{"line":18,"column":15}},"7":{"start":{"line":17,"column":18},"end":{"line":17,"column":76}},"8":{"start":{"line":20,"column":27},"end":{"line":20,"column":48}},"9":{"start":{"line":21,"column":14},"end":{"line":21,"column":28}},"10":{"start":{"line":23,"column":14},"end":{"line":23,"column":76}},"11":{"start":{"line":27,"column":6},"end":{"line":27,"column":26}},"12":{"start":{"line":31,"column":4},"end":{"line":49,"column":6}}},"fnMap":{"0":{"name":"Landing","decl":{"start":{"line":8,"column":9},"end":{"line":8,"column":16}},"loc":{"start":{"line":8,"column":19},"end":{"line":50,"column":1}},"line":8},"1":{"name":"(anonymous_1)","decl":{"start":{"line":10,"column":14},"end":{"line":10,"column":15}},"loc":{"start":{"line":10,"column":20},"end":{"line":28,"column":3}},"line":10},"2":{"name":"(anonymous_2)","decl":{"start":{"line":11,"column":32},"end":{"line":11,"column":33}},"loc":{"start":{"line":11,"column":43},"end":{"line":25,"column":7}},"line":11}},"branchMap":{"0":{"loc":{"start":{"line":16,"column":14},"end":{"line":18,"column":15}},"type":"if","locations":[{"start":{"line":16,"column":14},"end":{"line":18,"column":15}},{"start":{},"end":{}}],"line":16},"1":{"loc":{"start":{"line":16,"column":18},"end":{"line":16,"column":42}},"type":"binary-expr","locations":[{"start":{"line":16,"column":18},"end":{"line":16,"column":26}},{"start":{"line":16,"column":30},"end":{"line":16,"column":42}}],"line":16}},"s":{"0":0,"1":0,"2":0,"3":0,"4":0,"5":0,"6":0,"7":0,"8":0,"9":0,"10":0,"11":0,"12":0},"f":{"0":0,"1":0,"2":0},"b":{"0":[0,0],"1":[0,0]}}
,"/Users/yinchen/comp531/HW4/hw4/hw4-stonehard0208/src/components/auth/Login.jsx": {"path":"/Users/yinchen/comp531/HW4/hw4/hw4-stonehard0208/src/components/auth/Login.jsx","statementMap":{"0":{"start":{"line":9,"column":18},"end":{"line":9,"column":31}},"1":{"start":{"line":10,"column":32},"end":{"line":10,"column":46}},"2":{"start":{"line":11,"column":19},"end":{"line":11,"column":32}},"3":{"start":{"line":13,"column":28},"end":{"line":13,"column":40}},"4":{"start":{"line":14,"column":34},"end":{"line":14,"column":46}},"5":{"start":{"line":15,"column":21},"end":{"line":15,"column":33}},"6":{"start":{"line":17,"column":22},"end":{"line":17,"column":45}},"7":{"start":{"line":19,"column":2},"end":{"line":40,"column":7}},"8":{"start":{"line":20,"column":30},"end":{"line":37,"column":3}},"9":{"start":{"line":21,"column":6},"end":{"line":36,"column":7}},"10":{"start":{"line":22,"column":27},"end":{"line":22,"column":84}},"11":{"start":{"line":23,"column":10},"end":{"line":25,"column":11}},"12":{"start":{"line":24,"column":14},"end":{"line":24,"column":72}},"13":{"start":{"line":27,"column":23},"end":{"line":27,"column":44}},"14":{"start":{"line":31,"column":10},"end":{"line":31,"column":25}},"15":{"start":{"line":32,"column":10},"end":{"line":32,"column":28}},"16":{"start":{"line":34,"column":10},"end":{"line":34,"column":72}},"17":{"start":{"line":35,"column":10},"end":{"line":35,"column":28}},"18":{"start":{"line":39,"column":4},"end":{"line":39,"column":24}},"19":{"start":{"line":43,"column":23},"end":{"line":93,"column":1}},"20":{"start":{"line":44,"column":27},"end":{"line":44,"column":105}},"21":{"start":{"line":49,"column":4},"end":{"line":58,"column":5}},"22":{"start":{"line":50,"column":8},"end":{"line":57,"column":9}},"23":{"start":{"line":51,"column":12},"end":{"line":51,"column":36}},"24":{"start":{"line":52,"column":12},"end":{"line":52,"column":29}},"25":{"start":{"line":53,"column":12},"end":{"line":53,"column":19}},"26":{"start":{"line":55,"column":12},"end":{"line":55,"column":36}},"27":{"start":{"line":56,"column":12},"end":{"line":56,"column":19}},"28":{"start":{"line":61,"column":28},"end":{"line":61,"column":68}},"29":{"start":{"line":61,"column":44},"end":{"line":61,"column":67}},"30":{"start":{"line":63,"column":4},"end":{"line":90,"column":5}},"31":{"start":{"line":64,"column":8},"end":{"line":86,"column":9}},"32":{"start":{"line":65,"column":28},"end":{"line":77,"column":13}},"33":{"start":{"line":79,"column":12},"end":{"line":79,"column":29}},"34":{"start":{"line":80,"column":12},"end":{"line":80,"column":66}},"35":{"start":{"line":81,"column":12},"end":{"line":81,"column":30}},"36":{"start":{"line":82,"column":12},"end":{"line":82,"column":19}},"37":{"start":{"line":84,"column":12},"end":{"line":84,"column":36}},"38":{"start":{"line":85,"column":12},"end":{"line":85,"column":19}},"39":{"start":{"line":89,"column":6},"end":{"line":89,"column":30}},"40":{"start":{"line":95,"column":0},"end":{"line":97,"column":1}},"41":{"start":{"line":96,"column":2},"end":{"line":96,"column":30}},"42":{"start":{"line":100,"column":2},"end":{"line":133,"column":4}},"43":{"start":{"line":114,"column":52},"end":{"line":114,"column":79}}},"fnMap":{"0":{"name":"Login","decl":{"start":{"line":8,"column":9},"end":{"line":8,"column":14}},"loc":{"start":{"line":8,"column":17},"end":{"line":134,"column":1}},"line":8},"1":{"name":"(anonymous_1)","decl":{"start":{"line":19,"column":12},"end":{"line":19,"column":13}},"loc":{"start":{"line":19,"column":18},"end":{"line":40,"column":1}},"line":19},"2":{"name":"(anonymous_2)","decl":{"start":{"line":20,"column":30},"end":{"line":20,"column":31}},"loc":{"start":{"line":20,"column":41},"end":{"line":37,"column":3}},"line":20},"3":{"name":"(anonymous_3)","decl":{"start":{"line":43,"column":23},"end":{"line":43,"column":24}},"loc":{"start":{"line":43,"column":29},"end":{"line":93,"column":1}},"line":43},"4":{"name":"(anonymous_4)","decl":{"start":{"line":61,"column":39},"end":{"line":61,"column":40}},"loc":{"start":{"line":61,"column":44},"end":{"line":61,"column":67}},"line":61},"5":{"name":"(anonymous_5)","decl":{"start":{"line":114,"column":46},"end":{"line":114,"column":47}},"loc":{"start":{"line":114,"column":52},"end":{"line":114,"column":79}},"line":114}},"branchMap":{"0":{"loc":{"start":{"line":23,"column":10},"end":{"line":25,"column":11}},"type":"if","locations":[{"start":{"line":23,"column":10},"end":{"line":25,"column":11}},{"start":{},"end":{}}],"line":23},"1":{"loc":{"start":{"line":44,"column":27},"end":{"line":44,"column":105}},"type":"cond-expr","locations":[{"start":{"line":44,"column":58},"end":{"line":44,"column":98}},{"start":{"line":44,"column":101},"end":{"line":44,"column":105}}],"line":44},"2":{"loc":{"start":{"line":49,"column":4},"end":{"line":58,"column":5}},"type":"if","locations":[{"start":{"line":49,"column":4},"end":{"line":58,"column":5}},{"start":{},"end":{}}],"line":49},"3":{"loc":{"start":{"line":49,"column":8},"end":{"line":49,"column":62}},"type":"binary-expr","locations":[{"start":{"line":49,"column":8},"end":{"line":49,"column":22}},{"start":{"line":49,"column":26},"end":{"line":49,"column":62}}],"line":49},"4":{"loc":{"start":{"line":50,"column":8},"end":{"line":57,"column":9}},"type":"if","locations":[{"start":{"line":50,"column":8},"end":{"line":57,"column":9}},{"start":{"line":54,"column":15},"end":{"line":57,"column":9}}],"line":50},"5":{"loc":{"start":{"line":63,"column":4},"end":{"line":90,"column":5}},"type":"if","locations":[{"start":{"line":63,"column":4},"end":{"line":90,"column":5}},{"start":{"line":88,"column":8},"end":{"line":90,"column":5}}],"line":63},"6":{"loc":{"start":{"line":64,"column":8},"end":{"line":86,"column":9}},"type":"if","locations":[{"start":{"line":64,"column":8},"end":{"line":86,"column":9}},{"start":{"line":83,"column":15},"end":{"line":86,"column":9}}],"line":64},"7":{"loc":{"start":{"line":64,"column":12},"end":{"line":64,"column":99}},"type":"binary-expr","locations":[{"start":{"line":64,"column":12},"end":{"line":64,"column":35}},{"start":{"line":64,"column":39},"end":{"line":64,"column":99}}],"line":64},"8":{"loc":{"start":{"line":95,"column":0},"end":{"line":97,"column":1}},"type":"if","locations":[{"start":{"line":95,"column":0},"end":{"line":97,"column":1}},{"start":{},"end":{}}],"line":95}},"s":{"0":15,"1":15,"2":15,"3":15,"4":15,"5":15,"6":15,"7":15,"8":2,"9":2,"10":2,"11":2,"12":0,"13":2,"14":2,"15":2,"16":0,"17":0,"18":2,"19":15,"20":11,"21":11,"22":0,"23":0,"24":0,"25":0,"26":0,"27":0,"28":11,"29":65,"30":11,"31":10,"32":10,"33":10,"34":10,"35":10,"36":10,"37":0,"38":0,"39":1,"40":15,"41":2,"42":13,"43":11},"f":{"0":15,"1":2,"2":2,"3":11,"4":65,"5":11},"b":{"0":[0,2],"1":[0,11],"2":[0,11],"3":[11,0],"4":[0,0],"5":[10,1],"6":[10,0],"7":[10,10],"8":[2,13]},"_coverageSchema":"1a1c01bbd47fc00a2c39e90264f33305004495a9","hash":"4f816350290096ce7a860b268918f19f323d7590"}
,"/Users/yinchen/comp531/HW4/hw4/hw4-stonehard0208/src/components/auth/Registration.jsx": {"path":"/Users/yinchen/comp531/HW4/hw4/hw4-stonehard0208/src/components/auth/Registration.jsx","statementMap":{"0":{"start":{"line":10,"column":21},"end":{"line":10,"column":44}},"1":{"start":{"line":12,"column":34},"end":{"line":23,"column":4}},"2":{"start":{"line":25,"column":18},"end":{"line":25,"column":31}},"3":{"start":{"line":27,"column":23},"end":{"line":34,"column":3}},"4":{"start":{"line":28,"column":28},"end":{"line":28,"column":36}},"5":{"start":{"line":29,"column":4},"end":{"line":32,"column":7}},"6":{"start":{"line":29,"column":30},"end":{"line":32,"column":5}},"7":{"start":{"line":35,"column":16},"end":{"line":48,"column":1}},"8":{"start":{"line":36,"column":20},"end":{"line":36,"column":28}},"9":{"start":{"line":37,"column":24},"end":{"line":37,"column":34}},"10":{"start":{"line":38,"column":47},"end":{"line":38,"column":73}},"11":{"start":{"line":40,"column":14},"end":{"line":40,"column":51}},"12":{"start":{"line":42,"column":4},"end":{"line":45,"column":5}},"13":{"start":{"line":44,"column":8},"end":{"line":44,"column":17}},"14":{"start":{"line":47,"column":4},"end":{"line":47,"column":21}},"15":{"start":{"line":50,"column":28},"end":{"line":53,"column":5}},"16":{"start":{"line":51,"column":41},"end":{"line":51,"column":49}},"17":{"start":{"line":52,"column":8},"end":{"line":52,"column":39}},"18":{"start":{"line":55,"column":25},"end":{"line":89,"column":5}},"19":{"start":{"line":56,"column":8},"end":{"line":56,"column":27}},"20":{"start":{"line":58,"column":8},"end":{"line":61,"column":9}},"21":{"start":{"line":59,"column":12},"end":{"line":59,"column":64}},"22":{"start":{"line":60,"column":12},"end":{"line":60,"column":19}},"23":{"start":{"line":63,"column":8},"end":{"line":66,"column":9}},"24":{"start":{"line":64,"column":12},"end":{"line":64,"column":77}},"25":{"start":{"line":65,"column":12},"end":{"line":65,"column":19}},"26":{"start":{"line":68,"column":28},"end":{"line":68,"column":80}},"27":{"start":{"line":70,"column":8},"end":{"line":70,"column":54}},"28":{"start":{"line":72,"column":22},"end":{"line":72,"column":95}},"29":{"start":{"line":73,"column":30},"end":{"line":73,"column":56}},"30":{"start":{"line":75,"column":33},"end":{"line":75,"column":68}},"31":{"start":{"line":77,"column":8},"end":{"line":77,"column":56}},"32":{"start":{"line":79,"column":8},"end":{"line":79,"column":75}},"33":{"start":{"line":81,"column":8},"end":{"line":81,"column":37}},"34":{"start":{"line":82,"column":8},"end":{"line":82,"column":36}},"35":{"start":{"line":83,"column":8},"end":{"line":83,"column":70}},"36":{"start":{"line":88,"column":8},"end":{"line":88,"column":25}},"37":{"start":{"line":92,"column":4},"end":{"line":212,"column":6}}},"fnMap":{"0":{"name":"Registration","decl":{"start":{"line":8,"column":9},"end":{"line":8,"column":21}},"loc":{"start":{"line":8,"column":24},"end":{"line":214,"column":1}},"line":8},"1":{"name":"(anonymous_1)","decl":{"start":{"line":27,"column":23},"end":{"line":27,"column":24}},"loc":{"start":{"line":27,"column":30},"end":{"line":34,"column":3}},"line":27},"2":{"name":"(anonymous_2)","decl":{"start":{"line":29,"column":16},"end":{"line":29,"column":17}},"loc":{"start":{"line":29,"column":30},"end":{"line":32,"column":5}},"line":29},"3":{"name":"(anonymous_3)","decl":{"start":{"line":35,"column":16},"end":{"line":35,"column":17}},"loc":{"start":{"line":35,"column":22},"end":{"line":48,"column":1}},"line":35},"4":{"name":"(anonymous_4)","decl":{"start":{"line":50,"column":28},"end":{"line":50,"column":29}},"loc":{"start":{"line":50,"column":34},"end":{"line":53,"column":5}},"line":50},"5":{"name":"(anonymous_5)","decl":{"start":{"line":55,"column":25},"end":{"line":55,"column":26}},"loc":{"start":{"line":55,"column":32},"end":{"line":89,"column":5}},"line":55}},"branchMap":{"0":{"loc":{"start":{"line":42,"column":4},"end":{"line":45,"column":5}},"type":"if","locations":[{"start":{"line":42,"column":4},"end":{"line":45,"column":5}},{"start":{},"end":{}}],"line":42},"1":{"loc":{"start":{"line":42,"column":8},"end":{"line":43,"column":88}},"type":"binary-expr","locations":[{"start":{"line":42,"column":8},"end":{"line":42,"column":47}},{"start":{"line":43,"column":9},"end":{"line":43,"column":50}},{"start":{"line":43,"column":54},"end":{"line":43,"column":87}}],"line":42},"2":{"loc":{"start":{"line":58,"column":8},"end":{"line":61,"column":9}},"type":"if","locations":[{"start":{"line":58,"column":8},"end":{"line":61,"column":9}},{"start":{},"end":{}}],"line":58},"3":{"loc":{"start":{"line":63,"column":8},"end":{"line":66,"column":9}},"type":"if","locations":[{"start":{"line":63,"column":8},"end":{"line":66,"column":9}},{"start":{},"end":{}}],"line":63},"4":{"loc":{"start":{"line":68,"column":39},"end":{"line":68,"column":79}},"type":"binary-expr","locations":[{"start":{"line":68,"column":39},"end":{"line":68,"column":71}},{"start":{"line":68,"column":75},"end":{"line":68,"column":79}}],"line":68},"5":{"loc":{"start":{"line":72,"column":22},"end":{"line":72,"column":95}},"type":"cond-expr","locations":[{"start":{"line":72,"column":45},"end":{"line":72,"column":91}},{"start":{"line":72,"column":94},"end":{"line":72,"column":95}}],"line":72}},"s":{"0":0,"1":0,"2":0,"3":0,"4":0,"5":0,"6":0,"7":0,"8":0,"9":0,"10":0,"11":0,"12":0,"13":0,"14":0,"15":0,"16":0,"17":0,"18":0,"19":0,"20":0,"21":0,"22":0,"23":0,"24":0,"25":0,"26":0,"27":0,"28":0,"29":0,"30":0,"31":0,"32":0,"33":0,"34":0,"35":0,"36":0,"37":0},"f":{"0":0,"1":0,"2":0,"3":0,"4":0,"5":0},"b":{"0":[0,0],"1":[0,0,0],"2":[0,0],"3":[0,0],"4":[0,0],"5":[0,0]}}
,"/Users/yinchen/comp531/HW4/hw4/hw4-stonehard0208/src/components/auth/UserContext.jsx": {"path":"/Users/yinchen/comp531/HW4/hw4/hw4-stonehard0208/src/components/auth/UserContext.jsx","statementMap":{"0":{"start":{"line":3,"column":20},"end":{"line":3,"column":45}}},"fnMap":{},"branchMap":{},"s":{"0":4},"f":{},"b":{},"_coverageSchema":"1a1c01bbd47fc00a2c39e90264f33305004495a9","hash":"9eaa96a9c8cb561de5e84c22d0d5108ed738ae58"}
,"/Users/yinchen/comp531/HW4/hw4/hw4-stonehard0208/src/components/main/Main.jsx": {"path":"/Users/yinchen/comp531/HW4/hw4/hw4-stonehard0208/src/components/main/Main.jsx","statementMap":{"0":{"start":{"line":9,"column":24},"end":{"line":9,"column":47}},"1":{"start":{"line":10,"column":20},"end":{"line":10,"column":33}},"2":{"start":{"line":12,"column":25},"end":{"line":16,"column":5}},"3":{"start":{"line":13,"column":8},"end":{"line":13,"column":40}},"4":{"start":{"line":14,"column":8},"end":{"line":14,"column":22}},"5":{"start":{"line":15,"column":8},"end":{"line":15,"column":21}},"6":{"start":{"line":18,"column":34},"end":{"line":20,"column":5}},"7":{"start":{"line":19,"column":8},"end":{"line":19,"column":28}},"8":{"start":{"line":23,"column":4},"end":{"line":34,"column":5}}},"fnMap":{"0":{"name":"Main","decl":{"start":{"line":8,"column":9},"end":{"line":8,"column":13}},"loc":{"start":{"line":8,"column":34},"end":{"line":35,"column":1}},"line":8},"1":{"name":"(anonymous_1)","decl":{"start":{"line":12,"column":25},"end":{"line":12,"column":26}},"loc":{"start":{"line":12,"column":31},"end":{"line":16,"column":5}},"line":12},"2":{"name":"(anonymous_2)","decl":{"start":{"line":18,"column":34},"end":{"line":18,"column":35}},"loc":{"start":{"line":18,"column":40},"end":{"line":20,"column":5}},"line":18}},"branchMap":{},"s":{"0":6,"1":6,"2":6,"3":1,"4":1,"5":1,"6":6,"7":0,"8":6},"f":{"0":6,"1":1,"2":0},"b":{},"_coverageSchema":"1a1c01bbd47fc00a2c39e90264f33305004495a9","hash":"bb9e6984fe16b5f002daa7794e84497380fe1da6"}
,"/Users/yinchen/comp531/HW4/hw4/hw4-stonehard0208/src/components/main/Post.jsx": {"path":"/Users/yinchen/comp531/HW4/hw4/hw4-stonehard0208/src/components/main/Post.jsx","statementMap":{"0":{"start":{"line":6,"column":30},"end":{"line":6,"column":42}},"1":{"start":{"line":7,"column":40},"end":{"line":7,"column":52}},"2":{"start":{"line":8,"column":44},"end":{"line":8,"column":58}},"3":{"start":{"line":9,"column":42},"end":{"line":9,"column":54}},"4":{"start":{"line":10,"column":26},"end":{"line":10,"column":112}},"5":{"start":{"line":11,"column":40},"end":{"line":11,"column":52}},"6":{"start":{"line":12,"column":40},"end":{"line":12,"column":68}},"7":{"start":{"line":13,"column":48},"end":{"line":13,"column":60}},"8":{"start":{"line":14,"column":40},"end":{"line":14,"column":52}},"9":{"start":{"line":15,"column":34},"end":{"line":15,"column":48}},"10":{"start":{"line":16,"column":50},"end":{"line":16,"column":62}},"11":{"start":{"line":20,"column":21},"end":{"line":20,"column":73}},"12":{"start":{"line":21,"column":36},"end":{"line":21,"column":48}},"13":{"start":{"line":24,"column":24},"end":{"line":24,"column":72}},"14":{"start":{"line":26,"column":21},"end":{"line":26,"column":31}},"15":{"start":{"line":28,"column":27},"end":{"line":30,"column":5}},"16":{"start":{"line":29,"column":8},"end":{"line":29,"column":67}},"17":{"start":{"line":29,"column":36},"end":{"line":29,"column":64}},"18":{"start":{"line":32,"column":30},"end":{"line":38,"column":5}},"19":{"start":{"line":33,"column":21},"end":{"line":33,"column":38}},"20":{"start":{"line":34,"column":8},"end":{"line":37,"column":9}},"21":{"start":{"line":36,"column":12},"end":{"line":36,"column":34}},"22":{"start":{"line":39,"column":36},"end":{"line":41,"column":5}},"23":{"start":{"line":40,"column":8},"end":{"line":40,"column":38}},"24":{"start":{"line":42,"column":25},"end":{"line":46,"column":5}},"25":{"start":{"line":43,"column":8},"end":{"line":43,"column":30}},"26":{"start":{"line":44,"column":8},"end":{"line":44,"column":26}},"27":{"start":{"line":48,"column":23},"end":{"line":50,"column":5}},"28":{"start":{"line":49,"column":8},"end":{"line":49,"column":57}},"29":{"start":{"line":49,"column":37},"end":{"line":49,"column":55}},"30":{"start":{"line":54,"column":4},"end":{"line":96,"column":20}},"31":{"start":{"line":55,"column":34},"end":{"line":94,"column":9}},"32":{"start":{"line":56,"column":12},"end":{"line":93,"column":13}},"33":{"start":{"line":57,"column":33},"end":{"line":57,"column":90}},"34":{"start":{"line":59,"column":16},"end":{"line":61,"column":17}},"35":{"start":{"line":60,"column":20},"end":{"line":60,"column":51}},"36":{"start":{"line":63,"column":32},"end":{"line":63,"column":53}},"37":{"start":{"line":64,"column":29},"end":{"line":64,"column":73}},"38":{"start":{"line":67,"column":33},"end":{"line":70,"column":19}},"39":{"start":{"line":67,"column":51},"end":{"line":70,"column":17}},"40":{"start":{"line":76,"column":40},"end":{"line":76,"column":65}},"41":{"start":{"line":76,"column":60},"end":{"line":76,"column":64}},"42":{"start":{"line":77,"column":16},"end":{"line":77,"column":52}},"43":{"start":{"line":79,"column":34},"end":{"line":81,"column":17}},"44":{"start":{"line":80,"column":20},"end":{"line":80,"column":90}},"45":{"start":{"line":82,"column":36},"end":{"line":82,"column":87}},"46":{"start":{"line":82,"column":61},"end":{"line":82,"column":86}},"47":{"start":{"line":83,"column":16},"end":{"line":83,"column":38}},"48":{"start":{"line":84,"column":16},"end":{"line":84,"column":38}},"49":{"start":{"line":86,"column":33},"end":{"line":86,"column":85}},"50":{"start":{"line":90,"column":16},"end":{"line":90,"column":34}},"51":{"start":{"line":92,"column":16},"end":{"line":92,"column":33}},"52":{"start":{"line":95,"column":8},"end":{"line":95,"column":28}},"53":{"start":{"line":99,"column":4},"end":{"line":119,"column":10}},"54":{"start":{"line":100,"column":23},"end":{"line":100,"column":25}},"55":{"start":{"line":101,"column":8},"end":{"line":116,"column":9}},"56":{"start":{"line":103,"column":12},"end":{"line":107,"column":13}},"57":{"start":{"line":110,"column":13},"end":{"line":116,"column":9}},"58":{"start":{"line":111,"column":12},"end":{"line":115,"column":13}},"59":{"start":{"line":118,"column":8},"end":{"line":118,"column":32}},"60":{"start":{"line":123,"column":24},"end":{"line":127,"column":5}},"61":{"start":{"line":125,"column":21},"end":{"line":125,"column":70}},"62":{"start":{"line":125,"column":43},"end":{"line":125,"column":69}},"63":{"start":{"line":126,"column":8},"end":{"line":126,"column":48}},"64":{"start":{"line":132,"column":28},"end":{"line":139,"column":5}},"65":{"start":{"line":134,"column":21},"end":{"line":137,"column":9}},"66":{"start":{"line":135,"column":12},"end":{"line":136,"column":63}},"67":{"start":{"line":138,"column":8},"end":{"line":138,"column":37}},"68":{"start":{"line":141,"column":28},"end":{"line":145,"column":5}},"69":{"start":{"line":143,"column":21},"end":{"line":143,"column":70}},"70":{"start":{"line":143,"column":43},"end":{"line":143,"column":69}},"71":{"start":{"line":144,"column":8},"end":{"line":144,"column":48}},"72":{"start":{"line":147,"column":30},"end":{"line":150,"column":5}},"73":{"start":{"line":148,"column":21},"end":{"line":148,"column":70}},"74":{"start":{"line":148,"column":43},"end":{"line":148,"column":69}},"75":{"start":{"line":149,"column":8},"end":{"line":149,"column":59}},"76":{"start":{"line":156,"column":42},"end":{"line":156,"column":54}},"77":{"start":{"line":157,"column":25},"end":{"line":157,"column":53}},"78":{"start":{"line":162,"column":26},"end":{"line":164,"column":5}},"79":{"start":{"line":163,"column":8},"end":{"line":163,"column":112}},"80":{"start":{"line":168,"column":27},"end":{"line":168,"column":62}},"81":{"start":{"line":170,"column":23},"end":{"line":182,"column":5}},"82":{"start":{"line":171,"column":24},"end":{"line":176,"column":9}},"83":{"start":{"line":178,"column":8},"end":{"line":178,"column":67}},"84":{"start":{"line":178,"column":39},"end":{"line":178,"column":65}},"85":{"start":{"line":180,"column":8},"end":{"line":180,"column":30}},"86":{"start":{"line":181,"column":8},"end":{"line":181,"column":26}},"87":{"start":{"line":184,"column":25},"end":{"line":187,"column":5}},"88":{"start":{"line":185,"column":8},"end":{"line":185,"column":34}},"89":{"start":{"line":186,"column":8},"end":{"line":186,"column":127}},"90":{"start":{"line":189,"column":31},"end":{"line":191,"column":5}},"91":{"start":{"line":190,"column":8},"end":{"line":190,"column":38}},"92":{"start":{"line":193,"column":33},"end":{"line":195,"column":5}},"93":{"start":{"line":194,"column":8},"end":{"line":194,"column":42}},"94":{"start":{"line":197,"column":29},"end":{"line":205,"column":5}},"95":{"start":{"line":198,"column":30},"end":{"line":198,"column":85}},"96":{"start":{"line":198,"column":52},"end":{"line":198,"column":84}},"97":{"start":{"line":199,"column":8},"end":{"line":202,"column":9}},"98":{"start":{"line":200,"column":12},"end":{"line":200,"column":36}},"99":{"start":{"line":201,"column":12},"end":{"line":201,"column":19}},"100":{"start":{"line":204,"column":8},"end":{"line":204,"column":235}},"101":{"start":{"line":204,"column":37},"end":{"line":204,"column":234}},"102":{"start":{"line":207,"column":27},"end":{"line":209,"column":5}},"103":{"start":{"line":208,"column":8},"end":{"line":208,"column":84}},"104":{"start":{"line":208,"column":37},"end":{"line":208,"column":83}},"105":{"start":{"line":208,"column":66},"end":{"line":208,"column":82}},"106":{"start":{"line":214,"column":4},"end":{"line":323,"column":5}},"107":{"start":{"line":235,"column":20},"end":{"line":240,"column":25}},"108":{"start":{"line":239,"column":84},"end":{"line":239,"column":107}},"109":{"start":{"line":277,"column":96},"end":{"line":277,"column":126}},"110":{"start":{"line":280,"column":16},"end":{"line":287,"column":22}},"111":{"start":{"line":291,"column":16},"end":{"line":317,"column":22}},"112":{"start":{"line":298,"column":85},"end":{"line":298,"column":108}}},"fnMap":{"0":{"name":"Post","decl":{"start":{"line":4,"column":9},"end":{"line":4,"column":13}},"loc":{"start":{"line":4,"column":16},"end":{"line":327,"column":1}},"line":4},"1":{"name":"(anonymous_1)","decl":{"start":{"line":28,"column":27},"end":{"line":28,"column":28}},"loc":{"start":{"line":28,"column":35},"end":{"line":30,"column":5}},"line":28},"2":{"name":"(anonymous_2)","decl":{"start":{"line":29,"column":27},"end":{"line":29,"column":28}},"loc":{"start":{"line":29,"column":36},"end":{"line":29,"column":64}},"line":29},"3":{"name":"(anonymous_3)","decl":{"start":{"line":32,"column":30},"end":{"line":32,"column":31}},"loc":{"start":{"line":32,"column":37},"end":{"line":38,"column":5}},"line":32},"4":{"name":"(anonymous_4)","decl":{"start":{"line":39,"column":36},"end":{"line":39,"column":37}},"loc":{"start":{"line":39,"column":43},"end":{"line":41,"column":5}},"line":39},"5":{"name":"(anonymous_5)","decl":{"start":{"line":42,"column":25},"end":{"line":42,"column":26}},"loc":{"start":{"line":42,"column":31},"end":{"line":46,"column":5}},"line":42},"6":{"name":"(anonymous_6)","decl":{"start":{"line":48,"column":23},"end":{"line":48,"column":24}},"loc":{"start":{"line":48,"column":45},"end":{"line":50,"column":5}},"line":48},"7":{"name":"(anonymous_7)","decl":{"start":{"line":49,"column":29},"end":{"line":49,"column":30}},"loc":{"start":{"line":49,"column":37},"end":{"line":49,"column":55}},"line":49},"8":{"name":"(anonymous_8)","decl":{"start":{"line":54,"column":14},"end":{"line":54,"column":15}},"loc":{"start":{"line":54,"column":20},"end":{"line":96,"column":5}},"line":54},"9":{"name":"(anonymous_9)","decl":{"start":{"line":55,"column":34},"end":{"line":55,"column":35}},"loc":{"start":{"line":55,"column":45},"end":{"line":94,"column":9}},"line":55},"10":{"name":"(anonymous_10)","decl":{"start":{"line":67,"column":42},"end":{"line":67,"column":43}},"loc":{"start":{"line":67,"column":51},"end":{"line":70,"column":17}},"line":67},"11":{"name":"(anonymous_11)","decl":{"start":{"line":76,"column":55},"end":{"line":76,"column":56}},"loc":{"start":{"line":76,"column":60},"end":{"line":76,"column":64}},"line":76},"12":{"name":"(anonymous_12)","decl":{"start":{"line":79,"column":50},"end":{"line":79,"column":51}},"loc":{"start":{"line":80,"column":20},"end":{"line":80,"column":90}},"line":80},"13":{"name":"(anonymous_13)","decl":{"start":{"line":82,"column":51},"end":{"line":82,"column":52}},"loc":{"start":{"line":82,"column":61},"end":{"line":82,"column":86}},"line":82},"14":{"name":"(anonymous_14)","decl":{"start":{"line":99,"column":14},"end":{"line":99,"column":15}},"loc":{"start":{"line":99,"column":20},"end":{"line":119,"column":5}},"line":99},"15":{"name":"(anonymous_15)","decl":{"start":{"line":123,"column":24},"end":{"line":123,"column":25}},"loc":{"start":{"line":123,"column":36},"end":{"line":127,"column":5}},"line":123},"16":{"name":"(anonymous_16)","decl":{"start":{"line":125,"column":35},"end":{"line":125,"column":36}},"loc":{"start":{"line":125,"column":43},"end":{"line":125,"column":69}},"line":125},"17":{"name":"(anonymous_17)","decl":{"start":{"line":132,"column":28},"end":{"line":132,"column":29}},"loc":{"start":{"line":132,"column":42},"end":{"line":139,"column":5}},"line":132},"18":{"name":"(anonymous_18)","decl":{"start":{"line":134,"column":35},"end":{"line":134,"column":36}},"loc":{"start":{"line":135,"column":12},"end":{"line":136,"column":63}},"line":135},"19":{"name":"(anonymous_19)","decl":{"start":{"line":141,"column":28},"end":{"line":141,"column":29}},"loc":{"start":{"line":141,"column":40},"end":{"line":145,"column":5}},"line":141},"20":{"name":"(anonymous_20)","decl":{"start":{"line":143,"column":35},"end":{"line":143,"column":36}},"loc":{"start":{"line":143,"column":43},"end":{"line":143,"column":69}},"line":143},"21":{"name":"(anonymous_21)","decl":{"start":{"line":147,"column":30},"end":{"line":147,"column":31}},"loc":{"start":{"line":147,"column":42},"end":{"line":150,"column":5}},"line":147},"22":{"name":"(anonymous_22)","decl":{"start":{"line":148,"column":35},"end":{"line":148,"column":36}},"loc":{"start":{"line":148,"column":43},"end":{"line":148,"column":69}},"line":148},"23":{"name":"(anonymous_23)","decl":{"start":{"line":162,"column":42},"end":{"line":162,"column":43}},"loc":{"start":{"line":163,"column":8},"end":{"line":163,"column":112}},"line":163},"24":{"name":"(anonymous_24)","decl":{"start":{"line":170,"column":23},"end":{"line":170,"column":24}},"loc":{"start":{"line":170,"column":29},"end":{"line":182,"column":5}},"line":170},"25":{"name":"(anonymous_25)","decl":{"start":{"line":178,"column":23},"end":{"line":178,"column":24}},"loc":{"start":{"line":178,"column":39},"end":{"line":178,"column":65}},"line":178},"26":{"name":"(anonymous_26)","decl":{"start":{"line":184,"column":25},"end":{"line":184,"column":26}},"loc":{"start":{"line":184,"column":31},"end":{"line":187,"column":5}},"line":184},"27":{"name":"(anonymous_27)","decl":{"start":{"line":189,"column":31},"end":{"line":189,"column":32}},"loc":{"start":{"line":189,"column":38},"end":{"line":191,"column":5}},"line":189},"28":{"name":"(anonymous_28)","decl":{"start":{"line":193,"column":33},"end":{"line":193,"column":34}},"loc":{"start":{"line":193,"column":40},"end":{"line":195,"column":5}},"line":193},"29":{"name":"(anonymous_29)","decl":{"start":{"line":197,"column":29},"end":{"line":197,"column":30}},"loc":{"start":{"line":197,"column":35},"end":{"line":205,"column":5}},"line":197},"30":{"name":"(anonymous_30)","decl":{"start":{"line":198,"column":44},"end":{"line":198,"column":45}},"loc":{"start":{"line":198,"column":52},"end":{"line":198,"column":84}},"line":198},"31":{"name":"(anonymous_31)","decl":{"start":{"line":204,"column":22},"end":{"line":204,"column":23}},"loc":{"start":{"line":204,"column":37},"end":{"line":204,"column":234}},"line":204},"32":{"name":"(anonymous_32)","decl":{"start":{"line":207,"column":27},"end":{"line":207,"column":28}},"loc":{"start":{"line":207,"column":35},"end":{"line":209,"column":5}},"line":207},"33":{"name":"(anonymous_33)","decl":{"start":{"line":208,"column":22},"end":{"line":208,"column":23}},"loc":{"start":{"line":208,"column":37},"end":{"line":208,"column":83}},"line":208},"34":{"name":"(anonymous_34)","decl":{"start":{"line":208,"column":56},"end":{"line":208,"column":57}},"loc":{"start":{"line":208,"column":66},"end":{"line":208,"column":82}},"line":208},"35":{"name":"(anonymous_35)","decl":{"start":{"line":234,"column":32},"end":{"line":234,"column":33}},"loc":{"start":{"line":235,"column":20},"end":{"line":240,"column":25}},"line":235},"36":{"name":"(anonymous_36)","decl":{"start":{"line":239,"column":78},"end":{"line":239,"column":79}},"loc":{"start":{"line":239,"column":84},"end":{"line":239,"column":107}},"line":239},"37":{"name":"(anonymous_37)","decl":{"start":{"line":277,"column":91},"end":{"line":277,"column":92}},"loc":{"start":{"line":277,"column":96},"end":{"line":277,"column":126}},"line":277},"38":{"name":"(anonymous_38)","decl":{"start":{"line":279,"column":29},"end":{"line":279,"column":30}},"loc":{"start":{"line":280,"column":16},"end":{"line":287,"column":22}},"line":280},"39":{"name":"(anonymous_39)","decl":{"start":{"line":290,"column":32},"end":{"line":290,"column":33}},"loc":{"start":{"line":291,"column":16},"end":{"line":317,"column":22}},"line":291},"40":{"name":"(anonymous_40)","decl":{"start":{"line":298,"column":79},"end":{"line":298,"column":80}},"loc":{"start":{"line":298,"column":85},"end":{"line":298,"column":108}},"line":298}},"branchMap":{"0":{"loc":{"start":{"line":10,"column":26},"end":{"line":10,"column":112}},"type":"cond-expr","locations":[{"start":{"line":10,"column":57},"end":{"line":10,"column":108}},{"start":{"line":10,"column":111},"end":{"line":10,"column":112}}],"line":10},"1":{"loc":{"start":{"line":20,"column":32},"end":{"line":20,"column":72}},"type":"binary-expr","locations":[{"start":{"line":20,"column":32},"end":{"line":20,"column":64}},{"start":{"line":20,"column":68},"end":{"line":20,"column":72}}],"line":20},"2":{"loc":{"start":{"line":24,"column":35},"end":{"line":24,"column":71}},"type":"binary-expr","locations":[{"start":{"line":24,"column":35},"end":{"line":24,"column":63}},{"start":{"line":24,"column":67},"end":{"line":24,"column":71}}],"line":24},"3":{"loc":{"start":{"line":34,"column":8},"end":{"line":37,"column":9}},"type":"if","locations":[{"start":{"line":34,"column":8},"end":{"line":37,"column":9}},{"start":{},"end":{}}],"line":34},"4":{"loc":{"start":{"line":59,"column":16},"end":{"line":61,"column":17}},"type":"if","locations":[{"start":{"line":59,"column":16},"end":{"line":61,"column":17}},{"start":{},"end":{}}],"line":59},"5":{"loc":{"start":{"line":59,"column":20},"end":{"line":59,"column":45}},"type":"binary-expr","locations":[{"start":{"line":59,"column":20},"end":{"line":59,"column":29}},{"start":{"line":59,"column":33},"end":{"line":59,"column":45}}],"line":59},"6":{"loc":{"start":{"line":64,"column":29},"end":{"line":64,"column":73}},"type":"cond-expr","locations":[{"start":{"line":64,"column":54},"end":{"line":64,"column":61}},{"start":{"line":64,"column":64},"end":{"line":64,"column":73}}],"line":64},"7":{"loc":{"start":{"line":80,"column":20},"end":{"line":80,"column":90}},"type":"binary-expr","locations":[{"start":{"line":80,"column":20},"end":{"line":80,"column":49}},{"start":{"line":80,"column":53},"end":{"line":80,"column":90}}],"line":80},"8":{"loc":{"start":{"line":86,"column":44},"end":{"line":86,"column":84}},"type":"binary-expr","locations":[{"start":{"line":86,"column":44},"end":{"line":86,"column":76}},{"start":{"line":86,"column":80},"end":{"line":86,"column":84}}],"line":86},"9":{"loc":{"start":{"line":101,"column":8},"end":{"line":116,"column":9}},"type":"if","locations":[{"start":{"line":101,"column":8},"end":{"line":116,"column":9}},{"start":{"line":110,"column":13},"end":{"line":116,"column":9}}],"line":101},"10":{"loc":{"start":{"line":110,"column":13},"end":{"line":116,"column":9}},"type":"if","locations":[{"start":{"line":110,"column":13},"end":{"line":116,"column":9}},{"start":{},"end":{}}],"line":110},"11":{"loc":{"start":{"line":126,"column":15},"end":{"line":126,"column":47}},"type":"cond-expr","locations":[{"start":{"line":126,"column":22},"end":{"line":126,"column":35}},{"start":{"line":126,"column":38},"end":{"line":126,"column":47}}],"line":126},"12":{"loc":{"start":{"line":135,"column":12},"end":{"line":136,"column":63}},"type":"binary-expr","locations":[{"start":{"line":135,"column":13},"end":{"line":135,"column":22}},{"start":{"line":135,"column":26},"end":{"line":135,"column":54}},{"start":{"line":136,"column":13},"end":{"line":136,"column":26}},{"start":{"line":136,"column":30},"end":{"line":136,"column":62}}],"line":135},"13":{"loc":{"start":{"line":138,"column":15},"end":{"line":138,"column":36}},"type":"cond-expr","locations":[{"start":{"line":138,"column":22},"end":{"line":138,"column":29}},{"start":{"line":138,"column":32},"end":{"line":138,"column":36}}],"line":138},"14":{"loc":{"start":{"line":144,"column":15},"end":{"line":144,"column":47}},"type":"cond-expr","locations":[{"start":{"line":144,"column":22},"end":{"line":144,"column":35}},{"start":{"line":144,"column":38},"end":{"line":144,"column":47}}],"line":144},"15":{"loc":{"start":{"line":149,"column":15},"end":{"line":149,"column":58}},"type":"cond-expr","locations":[{"start":{"line":149,"column":22},"end":{"line":149,"column":46}},{"start":{"line":149,"column":49},"end":{"line":149,"column":58}}],"line":149},"16":{"loc":{"start":{"line":163,"column":8},"end":{"line":163,"column":112}},"type":"binary-expr","locations":[{"start":{"line":163,"column":8},"end":{"line":163,"column":12}},{"start":{"line":163,"column":16},"end":{"line":163,"column":25}},{"start":{"line":163,"column":30},"end":{"line":163,"column":61}},{"start":{"line":163,"column":66},"end":{"line":163,"column":78}},{"start":{"line":163,"column":82},"end":{"line":163,"column":110}}],"line":163},"17":{"loc":{"start":{"line":168,"column":27},"end":{"line":168,"column":62}},"type":"cond-expr","locations":[{"start":{"line":168,"column":41},"end":{"line":168,"column":54}},{"start":{"line":168,"column":57},"end":{"line":168,"column":62}}],"line":168},"18":{"loc":{"start":{"line":199,"column":8},"end":{"line":202,"column":9}},"type":"if","locations":[{"start":{"line":199,"column":8},"end":{"line":202,"column":9}},{"start":{},"end":{}}],"line":199},"19":{"loc":{"start":{"line":226,"column":17},"end":{"line":226,"column":128}},"type":"cond-expr","locations":[{"start":{"line":226,"column":30},"end":{"line":226,"column":40}},{"start":{"line":226,"column":44},"end":{"line":226,"column":127}}],"line":226},"20":{"loc":{"start":{"line":226,"column":44},"end":{"line":226,"column":127}},"type":"cond-expr","locations":[{"start":{"line":226,"column":81},"end":{"line":226,"column":112}},{"start":{"line":226,"column":115},"end":{"line":226,"column":127}}],"line":226},"21":{"loc":{"start":{"line":226,"column":44},"end":{"line":226,"column":78}},"type":"binary-expr","locations":[{"start":{"line":226,"column":44},"end":{"line":226,"column":55}},{"start":{"line":226,"column":59},"end":{"line":226,"column":78}}],"line":226},"22":{"loc":{"start":{"line":238,"column":47},"end":{"line":238,"column":97}},"type":"cond-expr","locations":[{"start":{"line":238,"column":62},"end":{"line":238,"column":86}},{"start":{"line":238,"column":89},"end":{"line":238,"column":97}}],"line":238},"23":{"loc":{"start":{"line":260,"column":121},"end":{"line":260,"column":150}},"type":"cond-expr","locations":[{"start":{"line":260,"column":136},"end":{"line":260,"column":145}},{"start":{"line":260,"column":148},"end":{"line":260,"column":150}}],"line":260},"24":{"loc":{"start":{"line":282,"column":21},"end":{"line":282,"column":140}},"type":"binary-expr","locations":[{"start":{"line":282,"column":21},"end":{"line":282,"column":34}},{"start":{"line":282,"column":38},"end":{"line":282,"column":140}}],"line":282},"25":{"loc":{"start":{"line":299,"column":25},"end":{"line":299,"column":85}},"type":"cond-expr","locations":[{"start":{"line":299,"column":52},"end":{"line":299,"column":67}},{"start":{"line":299,"column":70},"end":{"line":299,"column":85}}],"line":299},"26":{"loc":{"start":{"line":303,"column":21},"end":{"line":315,"column":21}},"type":"binary-expr","locations":[{"start":{"line":303,"column":21},"end":{"line":303,"column":45}},{"start":{"line":304,"column":24},"end":{"line":314,"column":30}}],"line":303}},"s":{"0":18,"1":18,"2":18,"3":18,"4":18,"5":18,"6":18,"7":18,"8":18,"9":18,"10":18,"11":18,"12":18,"13":18,"14":18,"15":18,"16":0,"17":0,"18":18,"19":0,"20":0,"21":0,"22":18,"23":0,"24":18,"25":0,"26":0,"27":18,"28":0,"29":0,"30":18,"31":14,"32":14,"33":14,"34":2,"35":1,"36":1,"37":1,"38":1,"39":1,"40":1,"41":0,"42":1,"43":1,"44":1,"45":1,"46":0,"47":1,"48":1,"49":1,"50":1,"51":1,"52":14,"53":18,"54":6,"55":6,"56":1,"57":5,"58":5,"59":6,"60":18,"61":0,"62":0,"63":0,"64":18,"65":18,"66":7,"67":18,"68":18,"69":18,"70":18,"71":18,"72":18,"73":36,"74":36,"75":36,"76":18,"77":18,"78":18,"79":1,"80":18,"81":18,"82":0,"83":0,"84":0,"85":0,"86":0,"87":18,"88":0,"89":0,"90":18,"91":0,"92":18,"93":1,"94":18,"95":1,"96":10,"97":1,"98":0,"99":0,"100":1,"101":1,"102":18,"103":1,"104":1,"105":3,"106":18,"107":36,"108":1,"109":2,"110":0,"111":0,"112":0},"f":{"0":18,"1":0,"2":0,"3":0,"4":0,"5":0,"6":0,"7":0,"8":14,"9":14,"10":1,"11":0,"12":1,"13":0,"14":6,"15":0,"16":0,"17":18,"18":7,"19":18,"20":18,"21":36,"22":36,"23":1,"24":0,"25":0,"26":0,"27":0,"28":1,"29":1,"30":10,"31":1,"32":1,"33":1,"34":3,"35":36,"36":1,"37":2,"38":0,"39":0,"40":0},"b":{"0":[15,3],"1":[18,11],"2":[18,3],"3":[0,0],"4":[1,1],"5":[2,1],"6":[0,1],"7":[1,1],"8":[1,1],"9":[1,5],"10":[5,0],"11":[0,0],"12":[7,7,0,0],"13":[7,11],"14":[6,12],"15":[12,24],"16":[1,1,0,0,0],"17":[2,16],"18":[0,1],"19":[0,18],"20":[15,3],"21":[18,18],"22":[36,0],"23":[0,18],"24":[0,0],"25":[0,0],"26":[0,0]},"_coverageSchema":"1a1c01bbd47fc00a2c39e90264f33305004495a9","hash":"3d24a4db3f0567345626ada00e7dde613971a27b"}
,"/Users/yinchen/comp531/HW4/hw4/hw4-stonehard0208/src/components/profile/Profile.jsx": {"path":"/Users/yinchen/comp531/HW4/hw4/hw4-stonehard0208/src/components/profile/Profile.jsx","statementMap":{"0":{"start":{"line":10,"column":17},"end":{"line":10,"column":65}},"1":{"start":{"line":11,"column":37},"end":{"line":11,"column":73}},"2":{"start":{"line":12,"column":49},"end":{"line":12,"column":64}},"3":{"start":{"line":13,"column":19},"end":{"line":16,"column":1}},"4":{"start":{"line":14,"column":4},"end":{"line":14,"column":62}},"5":{"start":{"line":15,"column":4},"end":{"line":15,"column":50}},"6":{"start":{"line":18,"column":0},"end":{"line":31,"column":7}},"7":{"start":{"line":19,"column":32},"end":{"line":24,"column":5}},"8":{"start":{"line":20,"column":8},"end":{"line":23,"column":9}},"9":{"start":{"line":21,"column":32},"end":{"line":21,"column":62}},"10":{"start":{"line":22,"column":12},"end":{"line":22,"column":58}},"11":{"start":{"line":26,"column":4},"end":{"line":26,"column":60}},"12":{"start":{"line":28,"column":4},"end":{"line":30,"column":6}},"13":{"start":{"line":29,"column":8},"end":{"line":29,"column":67}},"14":{"start":{"line":37,"column":24},"end":{"line":41,"column":1}},"15":{"start":{"line":38,"column":27},"end":{"line":38,"column":81}},"16":{"start":{"line":39,"column":26},"end":{"line":39,"column":62}},"17":{"start":{"line":40,"column":4},"end":{"line":40,"column":44}},"18":{"start":{"line":44,"column":19},"end":{"line":57,"column":1}},"19":{"start":{"line":46,"column":24},"end":{"line":46,"column":34}},"20":{"start":{"line":47,"column":47},"end":{"line":47,"column":73}},"21":{"start":{"line":49,"column":14},"end":{"line":49,"column":51}},"22":{"start":{"line":51,"column":4},"end":{"line":54,"column":5}},"23":{"start":{"line":53,"column":8},"end":{"line":53,"column":17}},"24":{"start":{"line":56,"column":4},"end":{"line":56,"column":21}},"25":{"start":{"line":59,"column":24},"end":{"line":62,"column":1}},"26":{"start":{"line":60,"column":37},"end":{"line":60,"column":46}},"27":{"start":{"line":61,"column":4},"end":{"line":61,"column":35}},"28":{"start":{"line":64,"column":30},"end":{"line":75,"column":1}},"29":{"start":{"line":65,"column":28},"end":{"line":65,"column":36}},"30":{"start":{"line":67,"column":4},"end":{"line":70,"column":8}},"31":{"start":{"line":67,"column":30},"end":{"line":70,"column":5}},"32":{"start":{"line":72,"column":4},"end":{"line":74,"column":5}},"33":{"start":{"line":73,"column":8},"end":{"line":73,"column":34}},"34":{"start":{"line":78,"column":21},"end":{"line":120,"column":1}},"35":{"start":{"line":80,"column":75},"end":{"line":80,"column":84}},"36":{"start":{"line":81,"column":4},"end":{"line":84,"column":5}},"37":{"start":{"line":82,"column":8},"end":{"line":82,"column":112}},"38":{"start":{"line":83,"column":8},"end":{"line":83,"column":15}},"39":{"start":{"line":86,"column":4},"end":{"line":89,"column":5}},"40":{"start":{"line":87,"column":8},"end":{"line":87,"column":37}},"41":{"start":{"line":88,"column":8},"end":{"line":88,"column":15}},"42":{"start":{"line":91,"column":4},"end":{"line":94,"column":5}},"43":{"start":{"line":92,"column":8},"end":{"line":92,"column":61}},"44":{"start":{"line":93,"column":8},"end":{"line":93,"column":15}},"45":{"start":{"line":96,"column":4},"end":{"line":99,"column":5}},"46":{"start":{"line":97,"column":8},"end":{"line":97,"column":52}},"47":{"start":{"line":98,"column":8},"end":{"line":98,"column":15}},"48":{"start":{"line":101,"column":4},"end":{"line":104,"column":5}},"49":{"start":{"line":102,"column":8},"end":{"line":102,"column":60}},"50":{"start":{"line":103,"column":8},"end":{"line":103,"column":15}},"51":{"start":{"line":106,"column":4},"end":{"line":109,"column":5}},"52":{"start":{"line":107,"column":8},"end":{"line":107,"column":52}},"53":{"start":{"line":108,"column":8},"end":{"line":108,"column":15}},"54":{"start":{"line":111,"column":4},"end":{"line":114,"column":5}},"55":{"start":{"line":112,"column":8},"end":{"line":112,"column":56}},"56":{"start":{"line":113,"column":8},"end":{"line":113,"column":15}},"57":{"start":{"line":115,"column":24},"end":{"line":115,"column":86}},"58":{"start":{"line":117,"column":4},"end":{"line":117,"column":25}},"59":{"start":{"line":118,"column":4},"end":{"line":118,"column":29}},"60":{"start":{"line":121,"column":0},"end":{"line":123,"column":1}},"61":{"start":{"line":122,"column":4},"end":{"line":122,"column":43}},"62":{"start":{"line":125,"column":0},"end":{"line":284,"column":2}}},"fnMap":{"0":{"name":"Profile","decl":{"start":{"line":8,"column":9},"end":{"line":8,"column":16}},"loc":{"start":{"line":8,"column":19},"end":{"line":286,"column":1}},"line":8},"1":{"name":"(anonymous_1)","decl":{"start":{"line":13,"column":19},"end":{"line":13,"column":20}},"loc":{"start":{"line":13,"column":36},"end":{"line":16,"column":1}},"line":13},"2":{"name":"(anonymous_2)","decl":{"start":{"line":18,"column":10},"end":{"line":18,"column":11}},"loc":{"start":{"line":18,"column":16},"end":{"line":31,"column":1}},"line":18},"3":{"name":"(anonymous_3)","decl":{"start":{"line":19,"column":32},"end":{"line":19,"column":33}},"loc":{"start":{"line":19,"column":39},"end":{"line":24,"column":5}},"line":19},"4":{"name":"(anonymous_4)","decl":{"start":{"line":28,"column":11},"end":{"line":28,"column":12}},"loc":{"start":{"line":28,"column":17},"end":{"line":30,"column":5}},"line":28},"5":{"name":"(anonymous_5)","decl":{"start":{"line":37,"column":24},"end":{"line":37,"column":25}},"loc":{"start":{"line":37,"column":30},"end":{"line":41,"column":1}},"line":37},"6":{"name":"(anonymous_6)","decl":{"start":{"line":44,"column":19},"end":{"line":44,"column":20}},"loc":{"start":{"line":44,"column":28},"end":{"line":57,"column":1}},"line":44},"7":{"name":"(anonymous_7)","decl":{"start":{"line":59,"column":24},"end":{"line":59,"column":25}},"loc":{"start":{"line":59,"column":30},"end":{"line":62,"column":1}},"line":59},"8":{"name":"(anonymous_8)","decl":{"start":{"line":64,"column":30},"end":{"line":64,"column":31}},"loc":{"start":{"line":64,"column":37},"end":{"line":75,"column":1}},"line":64},"9":{"name":"(anonymous_9)","decl":{"start":{"line":67,"column":17},"end":{"line":67,"column":18}},"loc":{"start":{"line":67,"column":30},"end":{"line":70,"column":5}},"line":67},"10":{"name":"(anonymous_10)","decl":{"start":{"line":78,"column":21},"end":{"line":78,"column":22}},"loc":{"start":{"line":78,"column":27},"end":{"line":120,"column":1}},"line":78}},"branchMap":{"0":{"loc":{"start":{"line":10,"column":28},"end":{"line":10,"column":64}},"type":"binary-expr","locations":[{"start":{"line":10,"column":28},"end":{"line":10,"column":56}},{"start":{"line":10,"column":60},"end":{"line":10,"column":64}}],"line":10},"1":{"loc":{"start":{"line":20,"column":8},"end":{"line":23,"column":9}},"type":"if","locations":[{"start":{"line":20,"column":8},"end":{"line":23,"column":9}},{"start":{},"end":{}}],"line":20},"2":{"loc":{"start":{"line":21,"column":43},"end":{"line":21,"column":61}},"type":"binary-expr","locations":[{"start":{"line":21,"column":43},"end":{"line":21,"column":53}},{"start":{"line":21,"column":57},"end":{"line":21,"column":61}}],"line":21},"3":{"loc":{"start":{"line":38,"column":27},"end":{"line":38,"column":81}},"type":"cond-expr","locations":[{"start":{"line":38,"column":45},"end":{"line":38,"column":64}},{"start":{"line":38,"column":67},"end":{"line":38,"column":81}}],"line":38},"4":{"loc":{"start":{"line":39,"column":26},"end":{"line":39,"column":62}},"type":"cond-expr","locations":[{"start":{"line":39,"column":43},"end":{"line":39,"column":57}},{"start":{"line":39,"column":60},"end":{"line":39,"column":62}}],"line":39},"5":{"loc":{"start":{"line":51,"column":4},"end":{"line":54,"column":5}},"type":"if","locations":[{"start":{"line":51,"column":4},"end":{"line":54,"column":5}},{"start":{},"end":{}}],"line":51},"6":{"loc":{"start":{"line":51,"column":8},"end":{"line":52,"column":88}},"type":"binary-expr","locations":[{"start":{"line":51,"column":8},"end":{"line":51,"column":47}},{"start":{"line":52,"column":9},"end":{"line":52,"column":50}},{"start":{"line":52,"column":54},"end":{"line":52,"column":87}}],"line":51},"7":{"loc":{"start":{"line":72,"column":4},"end":{"line":74,"column":5}},"type":"if","locations":[{"start":{"line":72,"column":4},"end":{"line":74,"column":5}},{"start":{},"end":{}}],"line":72},"8":{"loc":{"start":{"line":81,"column":4},"end":{"line":84,"column":5}},"type":"if","locations":[{"start":{"line":81,"column":4},"end":{"line":84,"column":5}},{"start":{},"end":{}}],"line":81},"9":{"loc":{"start":{"line":81,"column":8},"end":{"line":81,"column":60}},"type":"binary-expr","locations":[{"start":{"line":81,"column":8},"end":{"line":81,"column":16}},{"start":{"line":81,"column":20},"end":{"line":81,"column":60}}],"line":81},"10":{"loc":{"start":{"line":86,"column":4},"end":{"line":89,"column":5}},"type":"if","locations":[{"start":{"line":86,"column":4},"end":{"line":89,"column":5}},{"start":{},"end":{}}],"line":86},"11":{"loc":{"start":{"line":86,"column":8},"end":{"line":86,"column":72}},"type":"binary-expr","locations":[{"start":{"line":86,"column":8},"end":{"line":86,"column":13}},{"start":{"line":86,"column":17},"end":{"line":86,"column":72}}],"line":86},"12":{"loc":{"start":{"line":91,"column":4},"end":{"line":94,"column":5}},"type":"if","locations":[{"start":{"line":91,"column":4},"end":{"line":94,"column":5}},{"start":{},"end":{}}],"line":91},"13":{"loc":{"start":{"line":91,"column":8},"end":{"line":91,"column":51}},"type":"binary-expr","locations":[{"start":{"line":91,"column":8},"end":{"line":91,"column":13}},{"start":{"line":91,"column":17},"end":{"line":91,"column":51}}],"line":91},"14":{"loc":{"start":{"line":96,"column":4},"end":{"line":99,"column":5}},"type":"if","locations":[{"start":{"line":96,"column":4},"end":{"line":99,"column":5}},{"start":{},"end":{}}],"line":96},"15":{"loc":{"start":{"line":96,"column":8},"end":{"line":96,"column":46}},"type":"binary-expr","locations":[{"start":{"line":96,"column":8},"end":{"line":96,"column":15}},{"start":{"line":96,"column":19},"end":{"line":96,"column":46}}],"line":96},"16":{"loc":{"start":{"line":101,"column":4},"end":{"line":104,"column":5}},"type":"if","locations":[{"start":{"line":101,"column":4},"end":{"line":104,"column":5}},{"start":{},"end":{}}],"line":101},"17":{"loc":{"start":{"line":101,"column":8},"end":{"line":101,"column":28}},"type":"binary-expr","locations":[{"start":{"line":101,"column":8},"end":{"line":101,"column":11}},{"start":{"line":101,"column":15},"end":{"line":101,"column":28}}],"line":101},"18":{"loc":{"start":{"line":106,"column":4},"end":{"line":109,"column":5}},"type":"if","locations":[{"start":{"line":106,"column":4},"end":{"line":109,"column":5}},{"start":{},"end":{}}],"line":106},"19":{"loc":{"start":{"line":111,"column":4},"end":{"line":114,"column":5}},"type":"if","locations":[{"start":{"line":111,"column":4},"end":{"line":114,"column":5}},{"start":{},"end":{}}],"line":111},"20":{"loc":{"start":{"line":115,"column":51},"end":{"line":115,"column":84}},"type":"cond-expr","locations":[{"start":{"line":115,"column":63},"end":{"line":115,"column":72}},{"start":{"line":115,"column":75},"end":{"line":115,"column":84}}],"line":115},"21":{"loc":{"start":{"line":121,"column":0},"end":{"line":123,"column":1}},"type":"if","locations":[{"start":{"line":121,"column":0},"end":{"line":123,"column":1}},{"start":{},"end":{}}],"line":121},"22":{"loc":{"start":{"line":161,"column":52},"end":{"line":161,"column":93}},"type":"cond-expr","locations":[{"start":{"line":161,"column":68},"end":{"line":161,"column":81}},{"start":{"line":161,"column":84},"end":{"line":161,"column":93}}],"line":161},"23":{"loc":{"start":{"line":166,"column":49},"end":{"line":166,"column":79}},"type":"cond-expr","locations":[{"start":{"line":166,"column":62},"end":{"line":166,"column":72}},{"start":{"line":166,"column":75},"end":{"line":166,"column":79}}],"line":166},"24":{"loc":{"start":{"line":171,"column":56},"end":{"line":171,"column":86}},"type":"cond-expr","locations":[{"start":{"line":171,"column":69},"end":{"line":171,"column":79}},{"start":{"line":171,"column":82},"end":{"line":171,"column":86}}],"line":171},"25":{"loc":{"start":{"line":177,"column":51},"end":{"line":177,"column":81}},"type":"binary-expr","locations":[{"start":{"line":177,"column":51},"end":{"line":177,"column":73}},{"start":{"line":177,"column":77},"end":{"line":177,"column":81}}],"line":177},"26":{"loc":{"start":{"line":183,"column":57},"end":{"line":183,"column":83}},"type":"cond-expr","locations":[{"start":{"line":183,"column":68},"end":{"line":183,"column":76}},{"start":{"line":183,"column":79},"end":{"line":183,"column":83}}],"line":183},"27":{"loc":{"start":{"line":188,"column":52},"end":{"line":188,"column":80}},"type":"cond-expr","locations":[{"start":{"line":188,"column":59},"end":{"line":188,"column":73}},{"start":{"line":188,"column":76},"end":{"line":188,"column":80}}],"line":188}},"s":{"0":1,"1":1,"2":1,"3":1,"4":0,"5":0,"6":1,"7":1,"8":0,"9":0,"10":0,"11":1,"12":1,"13":1,"14":1,"15":1,"16":1,"17":1,"18":1,"19":0,"20":0,"21":0,"22":0,"23":0,"24":0,"25":1,"26":0,"27":0,"28":1,"29":0,"30":0,"31":0,"32":0,"33":0,"34":1,"35":0,"36":0,"37":0,"38":0,"39":0,"40":0,"41":0,"42":0,"43":0,"44":0,"45":0,"46":0,"47":0,"48":0,"49":0,"50":0,"51":0,"52":0,"53":0,"54":0,"55":0,"56":0,"57":0,"58":0,"59":0,"60":1,"61":0,"62":1},"f":{"0":1,"1":0,"2":1,"3":0,"4":1,"5":1,"6":0,"7":0,"8":0,"9":0,"10":0},"b":{"0":[1,0],"1":[0,0],"2":[0,0],"3":[0,1],"4":[1,0],"5":[0,0],"6":[0,0,0],"7":[0,0],"8":[0,0],"9":[0,0],"10":[0,0],"11":[0,0],"12":[0,0],"13":[0,0],"14":[0,0],"15":[0,0],"16":[0,0],"17":[0,0],"18":[0,0],"19":[0,0],"20":[0,0],"21":[0,1],"22":[1,0],"23":[1,0],"24":[1,0],"25":[1,0],"26":[0,1],"27":[1,0]},"_coverageSchema":"1a1c01bbd47fc00a2c39e90264f33305004495a9","hash":"459fb98b995e687c8d007a4213b9d36564d2abd0"}
}
