{"/Users/yinchen/comp531/HW5/hw4-stonehard0208/src/components/auth/Landing.jsx": {"path":"/Users/yinchen/comp531/HW5/hw4-stonehard0208/src/components/auth/Landing.jsx","statementMap":{"0":{"start":{"line":9,"column":28},"end":{"line":9,"column":42}},"1":{"start":{"line":10,"column":4},"end":{"line":29,"column":9}},"2":{"start":{"line":11,"column":32},"end":{"line":26,"column":7}},"3":{"start":{"line":12,"column":10},"end":{"line":25,"column":11}},"4":{"start":{"line":13,"column":31},"end":{"line":13,"column":88}},"5":{"start":{"line":14,"column":14},"end":{"line":14,"column":36}},"6":{"start":{"line":16,"column":14},"end":{"line":18,"column":15}},"7":{"start":{"line":17,"column":18},"end":{"line":17,"column":76}},"8":{"start":{"line":20,"column":27},"end":{"line":20,"column":48}},"9":{"start":{"line":21,"column":14},"end":{"line":21,"column":69}},"10":{"start":{"line":22,"column":14},"end":{"line":22,"column":28}},"11":{"start":{"line":24,"column":14},"end":{"line":24,"column":76}},"12":{"start":{"line":28,"column":6},"end":{"line":28,"column":26}},"13":{"start":{"line":32,"column":4},"end":{"line":50,"column":6}}},"fnMap":{"0":{"name":"Landing","decl":{"start":{"line":8,"column":9},"end":{"line":8,"column":16}},"loc":{"start":{"line":8,"column":19},"end":{"line":51,"column":1}},"line":8},"1":{"name":"(anonymous_1)","decl":{"start":{"line":10,"column":14},"end":{"line":10,"column":15}},"loc":{"start":{"line":10,"column":20},"end":{"line":29,"column":3}},"line":10},"2":{"name":"(anonymous_2)","decl":{"start":{"line":11,"column":32},"end":{"line":11,"column":33}},"loc":{"start":{"line":11,"column":43},"end":{"line":26,"column":7}},"line":11}},"branchMap":{"0":{"loc":{"start":{"line":16,"column":14},"end":{"line":18,"column":15}},"type":"if","locations":[{"start":{"line":16,"column":14},"end":{"line":18,"column":15}},{"start":{},"end":{}}],"line":16},"1":{"loc":{"start":{"line":16,"column":18},"end":{"line":16,"column":42}},"type":"binary-expr","locations":[{"start":{"line":16,"column":18},"end":{"line":16,"column":26}},{"start":{"line":16,"column":30},"end":{"line":16,"column":42}}],"line":16}},"s":{"0":4,"1":4,"2":2,"3":2,"4":2,"5":2,"6":2,"7":0,"8":2,"9":2,"10":2,"11":0,"12":2,"13":4},"f":{"0":4,"1":2,"2":2},"b":{"0":[0,2],"1":[2,2]},"_coverageSchema":"1a1c01bbd47fc00a2c39e90264f33305004495a9","hash":"b54de82e9e03f85be270dc92e2452ac46580700e"}
,"/Users/yinchen/comp531/HW5/hw4-stonehard0208/src/components/auth/Login.jsx": {"path":"/Users/yinchen/comp531/HW5/hw4-stonehard0208/src/components/auth/Login.jsx","statementMap":{"0":{"start":{"line":9,"column":32},"end":{"line":9,"column":46}},"1":{"start":{"line":10,"column":19},"end":{"line":10,"column":32}},"2":{"start":{"line":12,"column":28},"end":{"line":12,"column":40}},"3":{"start":{"line":13,"column":34},"end":{"line":13,"column":46}},"4":{"start":{"line":14,"column":21},"end":{"line":14,"column":33}},"5":{"start":{"line":16,"column":22},"end":{"line":16,"column":45}},"6":{"start":{"line":18,"column":2},"end":{"line":39,"column":7}},"7":{"start":{"line":19,"column":30},"end":{"line":36,"column":3}},"8":{"start":{"line":20,"column":6},"end":{"line":35,"column":7}},"9":{"start":{"line":21,"column":27},"end":{"line":21,"column":84}},"10":{"start":{"line":22,"column":10},"end":{"line":24,"column":11}},"11":{"start":{"line":26,"column":23},"end":{"line":26,"column":44}},"12":{"start":{"line":30,"column":10},"end":{"line":30,"column":25}},"13":{"start":{"line":31,"column":10},"end":{"line":31,"column":28}},"14":{"start":{"line":33,"column":10},"end":{"line":33,"column":72}},"15":{"start":{"line":34,"column":10},"end":{"line":34,"column":28}},"16":{"start":{"line":38,"column":4},"end":{"line":38,"column":24}},"17":{"start":{"line":42,"column":23},"end":{"line":92,"column":1}},"18":{"start":{"line":43,"column":27},"end":{"line":43,"column":105}},"19":{"start":{"line":48,"column":4},"end":{"line":57,"column":5}},"20":{"start":{"line":60,"column":28},"end":{"line":60,"column":68}},"21":{"start":{"line":60,"column":44},"end":{"line":60,"column":67}},"22":{"start":{"line":62,"column":4},"end":{"line":89,"column":5}},"23":{"start":{"line":63,"column":8},"end":{"line":85,"column":9}},"24":{"start":{"line":64,"column":28},"end":{"line":76,"column":13}},"25":{"start":{"line":78,"column":12},"end":{"line":78,"column":29}},"26":{"start":{"line":79,"column":12},"end":{"line":79,"column":66}},"27":{"start":{"line":80,"column":12},"end":{"line":80,"column":30}},"28":{"start":{"line":81,"column":12},"end":{"line":81,"column":19}},"29":{"start":{"line":83,"column":12},"end":{"line":83,"column":36}},"30":{"start":{"line":84,"column":12},"end":{"line":84,"column":19}},"31":{"start":{"line":88,"column":6},"end":{"line":88,"column":30}},"32":{"start":{"line":94,"column":0},"end":{"line":96,"column":1}},"33":{"start":{"line":95,"column":2},"end":{"line":95,"column":30}},"34":{"start":{"line":99,"column":2},"end":{"line":132,"column":4}},"35":{"start":{"line":113,"column":52},"end":{"line":113,"column":79}}},"fnMap":{"0":{"name":"Login","decl":{"start":{"line":8,"column":9},"end":{"line":8,"column":14}},"loc":{"start":{"line":8,"column":17},"end":{"line":133,"column":1}},"line":8},"1":{"name":"(anonymous_1)","decl":{"start":{"line":18,"column":12},"end":{"line":18,"column":13}},"loc":{"start":{"line":18,"column":18},"end":{"line":39,"column":1}},"line":18},"2":{"name":"(anonymous_2)","decl":{"start":{"line":19,"column":30},"end":{"line":19,"column":31}},"loc":{"start":{"line":19,"column":41},"end":{"line":36,"column":3}},"line":19},"3":{"name":"(anonymous_3)","decl":{"start":{"line":42,"column":23},"end":{"line":42,"column":24}},"loc":{"start":{"line":42,"column":29},"end":{"line":92,"column":1}},"line":42},"4":{"name":"(anonymous_4)","decl":{"start":{"line":60,"column":39},"end":{"line":60,"column":40}},"loc":{"start":{"line":60,"column":44},"end":{"line":60,"column":67}},"line":60},"5":{"name":"(anonymous_5)","decl":{"start":{"line":113,"column":46},"end":{"line":113,"column":47}},"loc":{"start":{"line":113,"column":52},"end":{"line":113,"column":79}},"line":113}},"branchMap":{"0":{"loc":{"start":{"line":22,"column":10},"end":{"line":24,"column":11}},"type":"if","locations":[{"start":{"line":22,"column":10},"end":{"line":24,"column":11}},{"start":{},"end":{}}],"line":22},"1":{"loc":{"start":{"line":43,"column":27},"end":{"line":43,"column":105}},"type":"cond-expr","locations":[{"start":{"line":43,"column":58},"end":{"line":43,"column":98}},{"start":{"line":43,"column":101},"end":{"line":43,"column":105}}],"line":43},"2":{"loc":{"start":{"line":48,"column":4},"end":{"line":57,"column":5}},"type":"if","locations":[{"start":{"line":48,"column":4},"end":{"line":57,"column":5}},{"start":{},"end":{}}],"line":48},"3":{"loc":{"start":{"line":48,"column":8},"end":{"line":48,"column":62}},"type":"binary-expr","locations":[{"start":{"line":48,"column":8},"end":{"line":48,"column":22}},{"start":{"line":48,"column":26},"end":{"line":48,"column":62}}],"line":48},"4":{"loc":{"start":{"line":62,"column":4},"end":{"line":89,"column":5}},"type":"if","locations":[{"start":{"line":62,"column":4},"end":{"line":89,"column":5}},{"start":{"line":87,"column":8},"end":{"line":89,"column":5}}],"line":62},"5":{"loc":{"start":{"line":63,"column":8},"end":{"line":85,"column":9}},"type":"if","locations":[{"start":{"line":63,"column":8},"end":{"line":85,"column":9}},{"start":{"line":82,"column":15},"end":{"line":85,"column":9}}],"line":63},"6":{"loc":{"start":{"line":63,"column":12},"end":{"line":63,"column":99}},"type":"binary-expr","locations":[{"start":{"line":63,"column":12},"end":{"line":63,"column":35}},{"start":{"line":63,"column":39},"end":{"line":63,"column":99}}],"line":63},"7":{"loc":{"start":{"line":94,"column":0},"end":{"line":96,"column":1}},"type":"if","locations":[{"start":{"line":94,"column":0},"end":{"line":96,"column":1}},{"start":{},"end":{}}],"line":94}},"s":{"0":19,"1":19,"2":19,"3":19,"4":19,"5":19,"6":19,"7":4,"8":4,"9":4,"10":4,"11":4,"12":4,"13":4,"14":0,"15":0,"16":4,"17":19,"18":11,"19":11,"20":11,"21":65,"22":11,"23":10,"24":10,"25":10,"26":10,"27":10,"28":10,"29":0,"30":0,"31":1,"32":19,"33":4,"34":15,"35":11},"f":{"0":19,"1":4,"2":4,"3":11,"4":65,"5":11},"b":{"0":[0,4],"1":[0,11],"2":[0,11],"3":[11,0],"4":[10,1],"5":[10,0],"6":[10,10],"7":[4,15]},"_coverageSchema":"1a1c01bbd47fc00a2c39e90264f33305004495a9","hash":"77213d98ff4ed164d341afd2ce36d8f309069f34"}
,"/Users/yinchen/comp531/HW5/hw4-stonehard0208/src/components/auth/Registration.jsx": {"path":"/Users/yinchen/comp531/HW5/hw4-stonehard0208/src/components/auth/Registration.jsx","statementMap":{"0":{"start":{"line":11,"column":21},"end":{"line":11,"column":44}},"1":{"start":{"line":12,"column":18},"end":{"line":12,"column":31}},"2":{"start":{"line":14,"column":34},"end":{"line":25,"column":4}},"3":{"start":{"line":28,"column":23},"end":{"line":35,"column":3}},"4":{"start":{"line":29,"column":28},"end":{"line":29,"column":36}},"5":{"start":{"line":30,"column":4},"end":{"line":33,"column":7}},"6":{"start":{"line":30,"column":30},"end":{"line":33,"column":5}},"7":{"start":{"line":36,"column":16},"end":{"line":49,"column":1}},"8":{"start":{"line":37,"column":20},"end":{"line":37,"column":28}},"9":{"start":{"line":38,"column":24},"end":{"line":38,"column":34}},"10":{"start":{"line":39,"column":47},"end":{"line":39,"column":73}},"11":{"start":{"line":41,"column":14},"end":{"line":41,"column":51}},"12":{"start":{"line":43,"column":4},"end":{"line":46,"column":5}},"13":{"start":{"line":45,"column":8},"end":{"line":45,"column":17}},"14":{"start":{"line":48,"column":4},"end":{"line":48,"column":21}},"15":{"start":{"line":51,"column":28},"end":{"line":54,"column":5}},"16":{"start":{"line":52,"column":41},"end":{"line":52,"column":49}},"17":{"start":{"line":53,"column":8},"end":{"line":53,"column":39}},"18":{"start":{"line":56,"column":25},"end":{"line":90,"column":5}},"19":{"start":{"line":57,"column":8},"end":{"line":57,"column":27}},"20":{"start":{"line":59,"column":8},"end":{"line":62,"column":9}},"21":{"start":{"line":60,"column":12},"end":{"line":60,"column":64}},"22":{"start":{"line":61,"column":12},"end":{"line":61,"column":19}},"23":{"start":{"line":64,"column":8},"end":{"line":67,"column":9}},"24":{"start":{"line":65,"column":12},"end":{"line":65,"column":77}},"25":{"start":{"line":66,"column":12},"end":{"line":66,"column":19}},"26":{"start":{"line":93,"column":4},"end":{"line":213,"column":6}}},"fnMap":{"0":{"name":"Registration","decl":{"start":{"line":9,"column":9},"end":{"line":9,"column":21}},"loc":{"start":{"line":9,"column":24},"end":{"line":215,"column":1}},"line":9},"1":{"name":"(anonymous_1)","decl":{"start":{"line":28,"column":23},"end":{"line":28,"column":24}},"loc":{"start":{"line":28,"column":30},"end":{"line":35,"column":3}},"line":28},"2":{"name":"(anonymous_2)","decl":{"start":{"line":30,"column":16},"end":{"line":30,"column":17}},"loc":{"start":{"line":30,"column":30},"end":{"line":33,"column":5}},"line":30},"3":{"name":"(anonymous_3)","decl":{"start":{"line":36,"column":16},"end":{"line":36,"column":17}},"loc":{"start":{"line":36,"column":22},"end":{"line":49,"column":1}},"line":36},"4":{"name":"(anonymous_4)","decl":{"start":{"line":51,"column":28},"end":{"line":51,"column":29}},"loc":{"start":{"line":51,"column":34},"end":{"line":54,"column":5}},"line":51},"5":{"name":"(anonymous_5)","decl":{"start":{"line":56,"column":25},"end":{"line":56,"column":26}},"loc":{"start":{"line":56,"column":32},"end":{"line":90,"column":5}},"line":56}},"branchMap":{"0":{"loc":{"start":{"line":43,"column":4},"end":{"line":46,"column":5}},"type":"if","locations":[{"start":{"line":43,"column":4},"end":{"line":46,"column":5}},{"start":{},"end":{}}],"line":43},"1":{"loc":{"start":{"line":43,"column":8},"end":{"line":44,"column":88}},"type":"binary-expr","locations":[{"start":{"line":43,"column":8},"end":{"line":43,"column":47}},{"start":{"line":44,"column":9},"end":{"line":44,"column":50}},{"start":{"line":44,"column":54},"end":{"line":44,"column":87}}],"line":43},"2":{"loc":{"start":{"line":59,"column":8},"end":{"line":62,"column":9}},"type":"if","locations":[{"start":{"line":59,"column":8},"end":{"line":62,"column":9}},{"start":{},"end":{}}],"line":59},"3":{"loc":{"start":{"line":64,"column":8},"end":{"line":67,"column":9}},"type":"if","locations":[{"start":{"line":64,"column":8},"end":{"line":67,"column":9}},{"start":{},"end":{}}],"line":64}},"s":{"0":12,"1":12,"2":12,"3":12,"4":4,"5":4,"6":4,"7":12,"8":2,"9":2,"10":2,"11":2,"12":2,"13":0,"14":2,"15":12,"16":1,"17":1,"18":12,"19":2,"20":2,"21":1,"22":1,"23":1,"24":1,"25":1,"26":12},"f":{"0":12,"1":4,"2":4,"3":2,"4":1,"5":2},"b":{"0":[0,2],"1":[2,2,0],"2":[1,1],"3":[1,0]},"_coverageSchema":"1a1c01bbd47fc00a2c39e90264f33305004495a9","hash":"2f59f98ed15bd030350670e92e8c38a4d40d9f96"}
,"/Users/yinchen/comp531/HW5/hw4-stonehard0208/src/components/auth/UserContext.jsx": {"path":"/Users/yinchen/comp531/HW5/hw4-stonehard0208/src/components/auth/UserContext.jsx","statementMap":{"0":{"start":{"line":3,"column":20},"end":{"line":3,"column":45}}},"fnMap":{},"branchMap":{},"s":{"0":6},"f":{},"b":{},"_coverageSchema":"1a1c01bbd47fc00a2c39e90264f33305004495a9","hash":"2cde541a61b2d3532778aeed8f599b26979a46f4"}
,"/Users/yinchen/comp531/HW5/hw4-stonehard0208/src/components/main/Main.jsx": {"path":"/Users/yinchen/comp531/HW5/hw4-stonehard0208/src/components/main/Main.jsx","statementMap":{"0":{"start":{"line":9,"column":24},"end":{"line":9,"column":47}},"1":{"start":{"line":10,"column":20},"end":{"line":10,"column":33}},"2":{"start":{"line":12,"column":25},"end":{"line":16,"column":5}},"3":{"start":{"line":13,"column":8},"end":{"line":13,"column":40}},"4":{"start":{"line":14,"column":8},"end":{"line":14,"column":22}},"5":{"start":{"line":15,"column":8},"end":{"line":15,"column":21}},"6":{"start":{"line":18,"column":34},"end":{"line":20,"column":5}},"7":{"start":{"line":19,"column":8},"end":{"line":19,"column":28}},"8":{"start":{"line":23,"column":4},"end":{"line":34,"column":5}}},"fnMap":{"0":{"name":"Main","decl":{"start":{"line":8,"column":9},"end":{"line":8,"column":13}},"loc":{"start":{"line":8,"column":34},"end":{"line":35,"column":1}},"line":8},"1":{"name":"(anonymous_1)","decl":{"start":{"line":12,"column":25},"end":{"line":12,"column":26}},"loc":{"start":{"line":12,"column":31},"end":{"line":16,"column":5}},"line":12},"2":{"name":"(anonymous_2)","decl":{"start":{"line":18,"column":34},"end":{"line":18,"column":35}},"loc":{"start":{"line":18,"column":40},"end":{"line":20,"column":5}},"line":18}},"branchMap":{},"s":{"0":6,"1":6,"2":6,"3":1,"4":1,"5":1,"6":6,"7":0,"8":6},"f":{"0":6,"1":1,"2":0},"b":{},"_coverageSchema":"1a1c01bbd47fc00a2c39e90264f33305004495a9","hash":"c424ec7580003b6dff13c1f6e93df966914c7890"}
,"/Users/yinchen/comp531/HW5/hw4-stonehard0208/src/components/main/Post.jsx": {"path":"/Users/yinchen/comp531/HW5/hw4-stonehard0208/src/components/main/Post.jsx","statementMap":{"0":{"start":{"line":6,"column":30},"end":{"line":6,"column":42}},"1":{"start":{"line":7,"column":40},"end":{"line":7,"column":52}},"2":{"start":{"line":8,"column":44},"end":{"line":8,"column":58}},"3":{"start":{"line":9,"column":42},"end":{"line":9,"column":54}},"4":{"start":{"line":10,"column":26},"end":{"line":10,"column":112}},"5":{"start":{"line":11,"column":40},"end":{"line":11,"column":52}},"6":{"start":{"line":12,"column":40},"end":{"line":12,"column":68}},"7":{"start":{"line":13,"column":48},"end":{"line":13,"column":60}},"8":{"start":{"line":14,"column":40},"end":{"line":14,"column":52}},"9":{"start":{"line":15,"column":34},"end":{"line":15,"column":48}},"10":{"start":{"line":16,"column":50},"end":{"line":16,"column":62}},"11":{"start":{"line":20,"column":21},"end":{"line":20,"column":73}},"12":{"start":{"line":21,"column":36},"end":{"line":21,"column":48}},"13":{"start":{"line":24,"column":24},"end":{"line":24,"column":72}},"14":{"start":{"line":26,"column":21},"end":{"line":26,"column":31}},"15":{"start":{"line":28,"column":27},"end":{"line":30,"column":5}},"16":{"start":{"line":32,"column":30},"end":{"line":38,"column":5}},"17":{"start":{"line":39,"column":36},"end":{"line":41,"column":5}},"18":{"start":{"line":42,"column":25},"end":{"line":46,"column":5}},"19":{"start":{"line":48,"column":23},"end":{"line":50,"column":5}},"20":{"start":{"line":54,"column":4},"end":{"line":96,"column":20}},"21":{"start":{"line":55,"column":34},"end":{"line":94,"column":9}},"22":{"start":{"line":56,"column":12},"end":{"line":93,"column":13}},"23":{"start":{"line":57,"column":33},"end":{"line":57,"column":90}},"24":{"start":{"line":59,"column":16},"end":{"line":61,"column":17}},"25":{"start":{"line":60,"column":20},"end":{"line":60,"column":51}},"26":{"start":{"line":63,"column":32},"end":{"line":63,"column":53}},"27":{"start":{"line":64,"column":29},"end":{"line":64,"column":73}},"28":{"start":{"line":67,"column":33},"end":{"line":70,"column":19}},"29":{"start":{"line":67,"column":51},"end":{"line":70,"column":17}},"30":{"start":{"line":76,"column":40},"end":{"line":76,"column":65}},"31":{"start":{"line":76,"column":60},"end":{"line":76,"column":64}},"32":{"start":{"line":77,"column":16},"end":{"line":77,"column":52}},"33":{"start":{"line":79,"column":34},"end":{"line":81,"column":17}},"34":{"start":{"line":80,"column":20},"end":{"line":80,"column":90}},"35":{"start":{"line":82,"column":36},"end":{"line":82,"column":87}},"36":{"start":{"line":82,"column":61},"end":{"line":82,"column":86}},"37":{"start":{"line":83,"column":16},"end":{"line":83,"column":38}},"38":{"start":{"line":84,"column":16},"end":{"line":84,"column":38}},"39":{"start":{"line":86,"column":33},"end":{"line":86,"column":85}},"40":{"start":{"line":90,"column":16},"end":{"line":90,"column":34}},"41":{"start":{"line":92,"column":16},"end":{"line":92,"column":33}},"42":{"start":{"line":95,"column":8},"end":{"line":95,"column":28}},"43":{"start":{"line":99,"column":4},"end":{"line":119,"column":10}},"44":{"start":{"line":100,"column":23},"end":{"line":100,"column":25}},"45":{"start":{"line":101,"column":8},"end":{"line":116,"column":9}},"46":{"start":{"line":103,"column":12},"end":{"line":107,"column":13}},"47":{"start":{"line":110,"column":13},"end":{"line":116,"column":9}},"48":{"start":{"line":111,"column":12},"end":{"line":115,"column":13}},"49":{"start":{"line":118,"column":8},"end":{"line":118,"column":32}},"50":{"start":{"line":123,"column":24},"end":{"line":127,"column":5}},"51":{"start":{"line":132,"column":28},"end":{"line":139,"column":5}},"52":{"start":{"line":134,"column":21},"end":{"line":137,"column":9}},"53":{"start":{"line":135,"column":12},"end":{"line":136,"column":63}},"54":{"start":{"line":138,"column":8},"end":{"line":138,"column":37}},"55":{"start":{"line":141,"column":28},"end":{"line":145,"column":5}},"56":{"start":{"line":143,"column":21},"end":{"line":143,"column":70}},"57":{"start":{"line":143,"column":43},"end":{"line":143,"column":69}},"58":{"start":{"line":144,"column":8},"end":{"line":144,"column":48}},"59":{"start":{"line":147,"column":30},"end":{"line":150,"column":5}},"60":{"start":{"line":148,"column":21},"end":{"line":148,"column":70}},"61":{"start":{"line":148,"column":43},"end":{"line":148,"column":69}},"62":{"start":{"line":149,"column":8},"end":{"line":149,"column":59}},"63":{"start":{"line":156,"column":42},"end":{"line":156,"column":54}},"64":{"start":{"line":157,"column":25},"end":{"line":157,"column":53}},"65":{"start":{"line":162,"column":26},"end":{"line":164,"column":5}},"66":{"start":{"line":163,"column":8},"end":{"line":163,"column":112}},"67":{"start":{"line":168,"column":27},"end":{"line":168,"column":62}},"68":{"start":{"line":170,"column":23},"end":{"line":182,"column":5}},"69":{"start":{"line":184,"column":25},"end":{"line":187,"column":5}},"70":{"start":{"line":189,"column":31},"end":{"line":191,"column":5}},"71":{"start":{"line":193,"column":33},"end":{"line":195,"column":5}},"72":{"start":{"line":194,"column":8},"end":{"line":194,"column":42}},"73":{"start":{"line":197,"column":29},"end":{"line":205,"column":5}},"74":{"start":{"line":198,"column":30},"end":{"line":198,"column":85}},"75":{"start":{"line":198,"column":52},"end":{"line":198,"column":84}},"76":{"start":{"line":199,"column":8},"end":{"line":202,"column":9}},"77":{"start":{"line":200,"column":12},"end":{"line":200,"column":36}},"78":{"start":{"line":201,"column":12},"end":{"line":201,"column":19}},"79":{"start":{"line":204,"column":8},"end":{"line":204,"column":235}},"80":{"start":{"line":204,"column":37},"end":{"line":204,"column":234}},"81":{"start":{"line":207,"column":27},"end":{"line":209,"column":5}},"82":{"start":{"line":208,"column":8},"end":{"line":208,"column":84}},"83":{"start":{"line":208,"column":37},"end":{"line":208,"column":83}},"84":{"start":{"line":208,"column":66},"end":{"line":208,"column":82}},"85":{"start":{"line":214,"column":4},"end":{"line":323,"column":5}},"86":{"start":{"line":235,"column":20},"end":{"line":240,"column":25}},"87":{"start":{"line":239,"column":84},"end":{"line":239,"column":107}},"88":{"start":{"line":277,"column":96},"end":{"line":277,"column":126}},"89":{"start":{"line":291,"column":16},"end":{"line":317,"column":22}}},"fnMap":{"0":{"name":"Post","decl":{"start":{"line":4,"column":9},"end":{"line":4,"column":13}},"loc":{"start":{"line":4,"column":16},"end":{"line":327,"column":1}},"line":4},"1":{"name":"(anonymous_1)","decl":{"start":{"line":28,"column":27},"end":{"line":28,"column":28}},"loc":{"start":{"line":28,"column":35},"end":{"line":30,"column":5}},"line":28},"2":{"name":"(anonymous_2)","decl":{"start":{"line":32,"column":30},"end":{"line":32,"column":31}},"loc":{"start":{"line":32,"column":37},"end":{"line":38,"column":5}},"line":32},"3":{"name":"(anonymous_3)","decl":{"start":{"line":39,"column":36},"end":{"line":39,"column":37}},"loc":{"start":{"line":39,"column":43},"end":{"line":41,"column":5}},"line":39},"4":{"name":"(anonymous_4)","decl":{"start":{"line":42,"column":25},"end":{"line":42,"column":26}},"loc":{"start":{"line":42,"column":31},"end":{"line":46,"column":5}},"line":42},"5":{"name":"(anonymous_5)","decl":{"start":{"line":48,"column":23},"end":{"line":48,"column":24}},"loc":{"start":{"line":48,"column":45},"end":{"line":50,"column":5}},"line":48},"6":{"name":"(anonymous_6)","decl":{"start":{"line":54,"column":14},"end":{"line":54,"column":15}},"loc":{"start":{"line":54,"column":20},"end":{"line":96,"column":5}},"line":54},"7":{"name":"(anonymous_7)","decl":{"start":{"line":55,"column":34},"end":{"line":55,"column":35}},"loc":{"start":{"line":55,"column":45},"end":{"line":94,"column":9}},"line":55},"8":{"name":"(anonymous_8)","decl":{"start":{"line":67,"column":42},"end":{"line":67,"column":43}},"loc":{"start":{"line":67,"column":51},"end":{"line":70,"column":17}},"line":67},"9":{"name":"(anonymous_9)","decl":{"start":{"line":76,"column":55},"end":{"line":76,"column":56}},"loc":{"start":{"line":76,"column":60},"end":{"line":76,"column":64}},"line":76},"10":{"name":"(anonymous_10)","decl":{"start":{"line":79,"column":50},"end":{"line":79,"column":51}},"loc":{"start":{"line":80,"column":20},"end":{"line":80,"column":90}},"line":80},"11":{"name":"(anonymous_11)","decl":{"start":{"line":82,"column":51},"end":{"line":82,"column":52}},"loc":{"start":{"line":82,"column":61},"end":{"line":82,"column":86}},"line":82},"12":{"name":"(anonymous_12)","decl":{"start":{"line":99,"column":14},"end":{"line":99,"column":15}},"loc":{"start":{"line":99,"column":20},"end":{"line":119,"column":5}},"line":99},"13":{"name":"(anonymous_13)","decl":{"start":{"line":123,"column":24},"end":{"line":123,"column":25}},"loc":{"start":{"line":123,"column":36},"end":{"line":127,"column":5}},"line":123},"14":{"name":"(anonymous_14)","decl":{"start":{"line":132,"column":28},"end":{"line":132,"column":29}},"loc":{"start":{"line":132,"column":42},"end":{"line":139,"column":5}},"line":132},"15":{"name":"(anonymous_15)","decl":{"start":{"line":134,"column":35},"end":{"line":134,"column":36}},"loc":{"start":{"line":135,"column":12},"end":{"line":136,"column":63}},"line":135},"16":{"name":"(anonymous_16)","decl":{"start":{"line":141,"column":28},"end":{"line":141,"column":29}},"loc":{"start":{"line":141,"column":40},"end":{"line":145,"column":5}},"line":141},"17":{"name":"(anonymous_17)","decl":{"start":{"line":143,"column":35},"end":{"line":143,"column":36}},"loc":{"start":{"line":143,"column":43},"end":{"line":143,"column":69}},"line":143},"18":{"name":"(anonymous_18)","decl":{"start":{"line":147,"column":30},"end":{"line":147,"column":31}},"loc":{"start":{"line":147,"column":42},"end":{"line":150,"column":5}},"line":147},"19":{"name":"(anonymous_19)","decl":{"start":{"line":148,"column":35},"end":{"line":148,"column":36}},"loc":{"start":{"line":148,"column":43},"end":{"line":148,"column":69}},"line":148},"20":{"name":"(anonymous_20)","decl":{"start":{"line":162,"column":42},"end":{"line":162,"column":43}},"loc":{"start":{"line":163,"column":8},"end":{"line":163,"column":112}},"line":163},"21":{"name":"(anonymous_21)","decl":{"start":{"line":170,"column":23},"end":{"line":170,"column":24}},"loc":{"start":{"line":170,"column":29},"end":{"line":182,"column":5}},"line":170},"22":{"name":"(anonymous_22)","decl":{"start":{"line":184,"column":25},"end":{"line":184,"column":26}},"loc":{"start":{"line":184,"column":31},"end":{"line":187,"column":5}},"line":184},"23":{"name":"(anonymous_23)","decl":{"start":{"line":189,"column":31},"end":{"line":189,"column":32}},"loc":{"start":{"line":189,"column":38},"end":{"line":191,"column":5}},"line":189},"24":{"name":"(anonymous_24)","decl":{"start":{"line":193,"column":33},"end":{"line":193,"column":34}},"loc":{"start":{"line":193,"column":40},"end":{"line":195,"column":5}},"line":193},"25":{"name":"(anonymous_25)","decl":{"start":{"line":197,"column":29},"end":{"line":197,"column":30}},"loc":{"start":{"line":197,"column":35},"end":{"line":205,"column":5}},"line":197},"26":{"name":"(anonymous_26)","decl":{"start":{"line":198,"column":44},"end":{"line":198,"column":45}},"loc":{"start":{"line":198,"column":52},"end":{"line":198,"column":84}},"line":198},"27":{"name":"(anonymous_27)","decl":{"start":{"line":204,"column":22},"end":{"line":204,"column":23}},"loc":{"start":{"line":204,"column":37},"end":{"line":204,"column":234}},"line":204},"28":{"name":"(anonymous_28)","decl":{"start":{"line":207,"column":27},"end":{"line":207,"column":28}},"loc":{"start":{"line":207,"column":35},"end":{"line":209,"column":5}},"line":207},"29":{"name":"(anonymous_29)","decl":{"start":{"line":208,"column":22},"end":{"line":208,"column":23}},"loc":{"start":{"line":208,"column":37},"end":{"line":208,"column":83}},"line":208},"30":{"name":"(anonymous_30)","decl":{"start":{"line":208,"column":56},"end":{"line":208,"column":57}},"loc":{"start":{"line":208,"column":66},"end":{"line":208,"column":82}},"line":208},"31":{"name":"(anonymous_31)","decl":{"start":{"line":234,"column":32},"end":{"line":234,"column":33}},"loc":{"start":{"line":235,"column":20},"end":{"line":240,"column":25}},"line":235},"32":{"name":"(anonymous_32)","decl":{"start":{"line":239,"column":78},"end":{"line":239,"column":79}},"loc":{"start":{"line":239,"column":84},"end":{"line":239,"column":107}},"line":239},"33":{"name":"(anonymous_33)","decl":{"start":{"line":277,"column":91},"end":{"line":277,"column":92}},"loc":{"start":{"line":277,"column":96},"end":{"line":277,"column":126}},"line":277},"34":{"name":"(anonymous_34)","decl":{"start":{"line":290,"column":32},"end":{"line":290,"column":33}},"loc":{"start":{"line":291,"column":16},"end":{"line":317,"column":22}},"line":291}},"branchMap":{"0":{"loc":{"start":{"line":10,"column":26},"end":{"line":10,"column":112}},"type":"cond-expr","locations":[{"start":{"line":10,"column":57},"end":{"line":10,"column":108}},{"start":{"line":10,"column":111},"end":{"line":10,"column":112}}],"line":10},"1":{"loc":{"start":{"line":20,"column":32},"end":{"line":20,"column":72}},"type":"binary-expr","locations":[{"start":{"line":20,"column":32},"end":{"line":20,"column":64}},{"start":{"line":20,"column":68},"end":{"line":20,"column":72}}],"line":20},"2":{"loc":{"start":{"line":24,"column":35},"end":{"line":24,"column":71}},"type":"binary-expr","locations":[{"start":{"line":24,"column":35},"end":{"line":24,"column":63}},{"start":{"line":24,"column":67},"end":{"line":24,"column":71}}],"line":24},"3":{"loc":{"start":{"line":59,"column":16},"end":{"line":61,"column":17}},"type":"if","locations":[{"start":{"line":59,"column":16},"end":{"line":61,"column":17}},{"start":{},"end":{}}],"line":59},"4":{"loc":{"start":{"line":59,"column":20},"end":{"line":59,"column":45}},"type":"binary-expr","locations":[{"start":{"line":59,"column":20},"end":{"line":59,"column":29}},{"start":{"line":59,"column":33},"end":{"line":59,"column":45}}],"line":59},"5":{"loc":{"start":{"line":64,"column":29},"end":{"line":64,"column":73}},"type":"cond-expr","locations":[{"start":{"line":64,"column":54},"end":{"line":64,"column":61}},{"start":{"line":64,"column":64},"end":{"line":64,"column":73}}],"line":64},"6":{"loc":{"start":{"line":80,"column":20},"end":{"line":80,"column":90}},"type":"binary-expr","locations":[{"start":{"line":80,"column":20},"end":{"line":80,"column":49}},{"start":{"line":80,"column":53},"end":{"line":80,"column":90}}],"line":80},"7":{"loc":{"start":{"line":86,"column":44},"end":{"line":86,"column":84}},"type":"binary-expr","locations":[{"start":{"line":86,"column":44},"end":{"line":86,"column":76}},{"start":{"line":86,"column":80},"end":{"line":86,"column":84}}],"line":86},"8":{"loc":{"start":{"line":101,"column":8},"end":{"line":116,"column":9}},"type":"if","locations":[{"start":{"line":101,"column":8},"end":{"line":116,"column":9}},{"start":{"line":110,"column":13},"end":{"line":116,"column":9}}],"line":101},"9":{"loc":{"start":{"line":110,"column":13},"end":{"line":116,"column":9}},"type":"if","locations":[{"start":{"line":110,"column":13},"end":{"line":116,"column":9}},{"start":{},"end":{}}],"line":110},"10":{"loc":{"start":{"line":135,"column":12},"end":{"line":136,"column":63}},"type":"binary-expr","locations":[{"start":{"line":135,"column":13},"end":{"line":135,"column":22}},{"start":{"line":135,"column":26},"end":{"line":135,"column":54}},{"start":{"line":136,"column":13},"end":{"line":136,"column":26}},{"start":{"line":136,"column":30},"end":{"line":136,"column":62}}],"line":135},"11":{"loc":{"start":{"line":138,"column":15},"end":{"line":138,"column":36}},"type":"cond-expr","locations":[{"start":{"line":138,"column":22},"end":{"line":138,"column":29}},{"start":{"line":138,"column":32},"end":{"line":138,"column":36}}],"line":138},"12":{"loc":{"start":{"line":144,"column":15},"end":{"line":144,"column":47}},"type":"cond-expr","locations":[{"start":{"line":144,"column":22},"end":{"line":144,"column":35}},{"start":{"line":144,"column":38},"end":{"line":144,"column":47}}],"line":144},"13":{"loc":{"start":{"line":149,"column":15},"end":{"line":149,"column":58}},"type":"cond-expr","locations":[{"start":{"line":149,"column":22},"end":{"line":149,"column":46}},{"start":{"line":149,"column":49},"end":{"line":149,"column":58}}],"line":149},"14":{"loc":{"start":{"line":163,"column":8},"end":{"line":163,"column":112}},"type":"binary-expr","locations":[{"start":{"line":163,"column":8},"end":{"line":163,"column":12}},{"start":{"line":163,"column":16},"end":{"line":163,"column":25}},{"start":{"line":163,"column":30},"end":{"line":163,"column":61}},{"start":{"line":163,"column":66},"end":{"line":163,"column":78}},{"start":{"line":163,"column":82},"end":{"line":163,"column":110}}],"line":163},"15":{"loc":{"start":{"line":168,"column":27},"end":{"line":168,"column":62}},"type":"cond-expr","locations":[{"start":{"line":168,"column":41},"end":{"line":168,"column":54}},{"start":{"line":168,"column":57},"end":{"line":168,"column":62}}],"line":168},"16":{"loc":{"start":{"line":199,"column":8},"end":{"line":202,"column":9}},"type":"if","locations":[{"start":{"line":199,"column":8},"end":{"line":202,"column":9}},{"start":{},"end":{}}],"line":199},"17":{"loc":{"start":{"line":226,"column":17},"end":{"line":226,"column":128}},"type":"cond-expr","locations":[{"start":{"line":226,"column":30},"end":{"line":226,"column":40}},{"start":{"line":226,"column":44},"end":{"line":226,"column":127}}],"line":226},"18":{"loc":{"start":{"line":226,"column":44},"end":{"line":226,"column":127}},"type":"cond-expr","locations":[{"start":{"line":226,"column":81},"end":{"line":226,"column":112}},{"start":{"line":226,"column":115},"end":{"line":226,"column":127}}],"line":226},"19":{"loc":{"start":{"line":226,"column":44},"end":{"line":226,"column":78}},"type":"binary-expr","locations":[{"start":{"line":226,"column":44},"end":{"line":226,"column":55}},{"start":{"line":226,"column":59},"end":{"line":226,"column":78}}],"line":226},"20":{"loc":{"start":{"line":238,"column":47},"end":{"line":238,"column":97}},"type":"cond-expr","locations":[{"start":{"line":238,"column":62},"end":{"line":238,"column":86}},{"start":{"line":238,"column":89},"end":{"line":238,"column":97}}],"line":238},"21":{"loc":{"start":{"line":260,"column":121},"end":{"line":260,"column":150}},"type":"cond-expr","locations":[{"start":{"line":260,"column":136},"end":{"line":260,"column":145}},{"start":{"line":260,"column":148},"end":{"line":260,"column":150}}],"line":260},"22":{"loc":{"start":{"line":303,"column":21},"end":{"line":315,"column":21}},"type":"binary-expr","locations":[{"start":{"line":303,"column":21},"end":{"line":303,"column":45}},{"start":{"line":304,"column":24},"end":{"line":314,"column":30}}],"line":303}},"s":{"0":18,"1":18,"2":18,"3":18,"4":18,"5":18,"6":18,"7":18,"8":18,"9":18,"10":18,"11":18,"12":18,"13":18,"14":18,"15":18,"16":18,"17":18,"18":18,"19":18,"20":18,"21":14,"22":14,"23":14,"24":2,"25":1,"26":1,"27":1,"28":1,"29":1,"30":1,"31":0,"32":1,"33":1,"34":1,"35":1,"36":0,"37":1,"38":1,"39":1,"40":1,"41":1,"42":14,"43":18,"44":6,"45":6,"46":1,"47":5,"48":5,"49":6,"50":18,"51":18,"52":18,"53":7,"54":18,"55":18,"56":18,"57":18,"58":18,"59":18,"60":36,"61":36,"62":36,"63":18,"64":18,"65":18,"66":1,"67":18,"68":18,"69":18,"70":18,"71":18,"72":1,"73":18,"74":1,"75":10,"76":1,"77":0,"78":0,"79":1,"80":1,"81":18,"82":1,"83":1,"84":3,"85":18,"86":36,"87":1,"88":2,"89":0},"f":{"0":18,"1":0,"2":0,"3":0,"4":0,"5":0,"6":14,"7":14,"8":1,"9":0,"10":1,"11":0,"12":6,"13":0,"14":18,"15":7,"16":18,"17":18,"18":36,"19":36,"20":1,"21":0,"22":0,"23":0,"24":1,"25":1,"26":10,"27":1,"28":1,"29":1,"30":3,"31":36,"32":1,"33":2,"34":0},"b":{"0":[15,3],"1":[18,11],"2":[18,3],"3":[1,1],"4":[2,1],"5":[0,1],"6":[1,1],"7":[1,1],"8":[1,5],"9":[5,0],"10":[7,7,0,0],"11":[7,11],"12":[6,12],"13":[12,24],"14":[1,1,0,0,0],"15":[2,16],"16":[0,1],"17":[0,18],"18":[15,3],"19":[18,18],"20":[36,0],"21":[0,18],"22":[0,0]},"_coverageSchema":"1a1c01bbd47fc00a2c39e90264f33305004495a9","hash":"ef332f7d585a67019b07add53a259eff6ea2e6ca"}
,"/Users/yinchen/comp531/HW5/hw4-stonehard0208/src/components/profile/Profile.jsx": {"path":"/Users/yinchen/comp531/HW5/hw4-stonehard0208/src/components/profile/Profile.jsx","statementMap":{"0":{"start":{"line":7,"column":17},"end":{"line":7,"column":65}},"1":{"start":{"line":8,"column":37},"end":{"line":8,"column":73}},"2":{"start":{"line":9,"column":49},"end":{"line":9,"column":64}},"3":{"start":{"line":10,"column":19},"end":{"line":13,"column":1}},"4":{"start":{"line":11,"column":4},"end":{"line":11,"column":62}},"5":{"start":{"line":12,"column":4},"end":{"line":12,"column":50}},"6":{"start":{"line":15,"column":0},"end":{"line":28,"column":7}},"7":{"start":{"line":16,"column":32},"end":{"line":21,"column":5}},"8":{"start":{"line":17,"column":8},"end":{"line":20,"column":9}},"9":{"start":{"line":18,"column":32},"end":{"line":18,"column":62}},"10":{"start":{"line":19,"column":12},"end":{"line":19,"column":58}},"11":{"start":{"line":23,"column":4},"end":{"line":23,"column":60}},"12":{"start":{"line":25,"column":4},"end":{"line":27,"column":6}},"13":{"start":{"line":26,"column":8},"end":{"line":26,"column":67}},"14":{"start":{"line":34,"column":24},"end":{"line":38,"column":1}},"15":{"start":{"line":35,"column":27},"end":{"line":35,"column":81}},"16":{"start":{"line":36,"column":26},"end":{"line":36,"column":62}},"17":{"start":{"line":37,"column":4},"end":{"line":37,"column":44}},"18":{"start":{"line":42,"column":30},"end":{"line":53,"column":1}},"19":{"start":{"line":56,"column":21},"end":{"line":94,"column":1}},"20":{"start":{"line":58,"column":75},"end":{"line":58,"column":84}},"21":{"start":{"line":92,"column":4},"end":{"line":92,"column":29}},"22":{"start":{"line":97,"column":0},"end":{"line":256,"column":2}}},"fnMap":{"0":{"name":"Profile","decl":{"start":{"line":6,"column":9},"end":{"line":6,"column":16}},"loc":{"start":{"line":6,"column":19},"end":{"line":258,"column":1}},"line":6},"1":{"name":"(anonymous_1)","decl":{"start":{"line":10,"column":19},"end":{"line":10,"column":20}},"loc":{"start":{"line":10,"column":36},"end":{"line":13,"column":1}},"line":10},"2":{"name":"(anonymous_2)","decl":{"start":{"line":15,"column":10},"end":{"line":15,"column":11}},"loc":{"start":{"line":15,"column":16},"end":{"line":28,"column":1}},"line":15},"3":{"name":"(anonymous_3)","decl":{"start":{"line":16,"column":32},"end":{"line":16,"column":33}},"loc":{"start":{"line":16,"column":39},"end":{"line":21,"column":5}},"line":16},"4":{"name":"(anonymous_4)","decl":{"start":{"line":25,"column":11},"end":{"line":25,"column":12}},"loc":{"start":{"line":25,"column":17},"end":{"line":27,"column":5}},"line":25},"5":{"name":"(anonymous_5)","decl":{"start":{"line":34,"column":24},"end":{"line":34,"column":25}},"loc":{"start":{"line":34,"column":30},"end":{"line":38,"column":1}},"line":34},"6":{"name":"(anonymous_6)","decl":{"start":{"line":42,"column":30},"end":{"line":42,"column":31}},"loc":{"start":{"line":42,"column":37},"end":{"line":53,"column":1}},"line":42},"7":{"name":"(anonymous_7)","decl":{"start":{"line":56,"column":21},"end":{"line":56,"column":22}},"loc":{"start":{"line":56,"column":27},"end":{"line":94,"column":1}},"line":56}},"branchMap":{"0":{"loc":{"start":{"line":7,"column":28},"end":{"line":7,"column":64}},"type":"binary-expr","locations":[{"start":{"line":7,"column":28},"end":{"line":7,"column":56}},{"start":{"line":7,"column":60},"end":{"line":7,"column":64}}],"line":7},"1":{"loc":{"start":{"line":17,"column":8},"end":{"line":20,"column":9}},"type":"if","locations":[{"start":{"line":17,"column":8},"end":{"line":20,"column":9}},{"start":{},"end":{}}],"line":17},"2":{"loc":{"start":{"line":18,"column":43},"end":{"line":18,"column":61}},"type":"binary-expr","locations":[{"start":{"line":18,"column":43},"end":{"line":18,"column":53}},{"start":{"line":18,"column":57},"end":{"line":18,"column":61}}],"line":18},"3":{"loc":{"start":{"line":35,"column":27},"end":{"line":35,"column":81}},"type":"cond-expr","locations":[{"start":{"line":35,"column":45},"end":{"line":35,"column":64}},{"start":{"line":35,"column":67},"end":{"line":35,"column":81}}],"line":35},"4":{"loc":{"start":{"line":36,"column":26},"end":{"line":36,"column":62}},"type":"cond-expr","locations":[{"start":{"line":36,"column":43},"end":{"line":36,"column":57}},{"start":{"line":36,"column":60},"end":{"line":36,"column":62}}],"line":36},"5":{"loc":{"start":{"line":133,"column":80},"end":{"line":133,"column":121}},"type":"cond-expr","locations":[{"start":{"line":133,"column":96},"end":{"line":133,"column":109}},{"start":{"line":133,"column":112},"end":{"line":133,"column":121}}],"line":133},"6":{"loc":{"start":{"line":138,"column":73},"end":{"line":138,"column":103}},"type":"cond-expr","locations":[{"start":{"line":138,"column":86},"end":{"line":138,"column":96}},{"start":{"line":138,"column":99},"end":{"line":138,"column":103}}],"line":138},"7":{"loc":{"start":{"line":143,"column":81},"end":{"line":143,"column":111}},"type":"cond-expr","locations":[{"start":{"line":143,"column":94},"end":{"line":143,"column":104}},{"start":{"line":143,"column":107},"end":{"line":143,"column":111}}],"line":143},"8":{"loc":{"start":{"line":149,"column":78},"end":{"line":149,"column":108}},"type":"binary-expr","locations":[{"start":{"line":149,"column":78},"end":{"line":149,"column":100}},{"start":{"line":149,"column":104},"end":{"line":149,"column":108}}],"line":149},"9":{"loc":{"start":{"line":155,"column":57},"end":{"line":155,"column":83}},"type":"cond-expr","locations":[{"start":{"line":155,"column":68},"end":{"line":155,"column":76}},{"start":{"line":155,"column":79},"end":{"line":155,"column":83}}],"line":155},"10":{"loc":{"start":{"line":160,"column":52},"end":{"line":160,"column":80}},"type":"cond-expr","locations":[{"start":{"line":160,"column":59},"end":{"line":160,"column":73}},{"start":{"line":160,"column":76},"end":{"line":160,"column":80}}],"line":160}},"s":{"0":2,"1":2,"2":2,"3":2,"4":0,"5":0,"6":2,"7":1,"8":0,"9":0,"10":0,"11":1,"12":1,"13":1,"14":2,"15":2,"16":2,"17":2,"18":2,"19":2,"20":1,"21":1,"22":2},"f":{"0":2,"1":0,"2":1,"3":0,"4":1,"5":2,"6":0,"7":1},"b":{"0":[2,1],"1":[0,0],"2":[0,0],"3":[1,1],"4":[1,1],"5":[1,1],"6":[1,1],"7":[1,1],"8":[2,1],"9":[0,2],"10":[2,0]},"_coverageSchema":"1a1c01bbd47fc00a2c39e90264f33305004495a9","hash":"4ab3d70907b3fb2931d493a2437faa3a07930932"}
}
