TN:
SF:src/App.js
FN:11,App
FNF:1
FNH:0
FNDA:0,App
DA:12,0
DA:13,0
DA:14,0
DA:17,0
LF:4
LH:0
BRDA:13,0,0,0
BRDA:13,0,1,0
BRDA:13,1,0,0
BRDA:13,1,1,0
BRF:4
BRH:0
end_of_record
TN:
SF:src/components/auth/Landing.jsx
FN:8,Landing
FN:10,(anonymous_1)
FN:11,(anonymous_2)
FNF:3
FNH:0
FNDA:0,Landing
FNDA:0,(anonymous_1)
FNDA:0,(anonymous_2)
DA:9,0
DA:10,0
DA:11,0
DA:12,0
DA:13,0
DA:14,0
DA:16,0
DA:17,0
DA:20,0
DA:21,0
DA:23,0
DA:27,0
DA:31,0
LF:13
LH:0
BRDA:16,0,0,0
BRDA:16,0,1,0
BRDA:16,1,0,0
BRDA:16,1,1,0
BRF:4
BRH:0
end_of_record
TN:
SF:src/components/auth/Login.jsx
FN:8,Login
FN:19,(anonymous_1)
FN:20,(anonymous_2)
FN:43,(anonymous_3)
FN:61,(anonymous_4)
FN:114,(anonymous_5)
FNF:6
FNH:6
FNDA:15,Login
FNDA:2,(anonymous_1)
FNDA:2,(anonymous_2)
FNDA:11,(anonymous_3)
FNDA:65,(anonymous_4)
FNDA:11,(anonymous_5)
DA:9,15
DA:10,15
DA:11,15
DA:13,15
DA:14,15
DA:15,15
DA:17,15
DA:19,15
DA:20,2
DA:21,2
DA:22,2
DA:23,2
DA:24,0
DA:27,2
DA:31,2
DA:32,2
DA:34,0
DA:35,0
DA:39,2
DA:43,15
DA:44,11
DA:49,11
DA:50,0
DA:51,0
DA:52,0
DA:53,0
DA:55,0
DA:56,0
DA:61,65
DA:63,11
DA:64,10
DA:65,10
DA:79,10
DA:80,10
DA:81,10
DA:82,10
DA:84,0
DA:85,0
DA:89,1
DA:95,15
DA:96,2
DA:100,13
DA:114,11
LF:43
LH:32
BRDA:23,0,0,0
BRDA:23,0,1,2
BRDA:44,1,0,0
BRDA:44,1,1,11
BRDA:49,2,0,0
BRDA:49,2,1,11
BRDA:49,3,0,11
BRDA:49,3,1,0
BRDA:50,4,0,0
BRDA:50,4,1,0
BRDA:63,5,0,10
BRDA:63,5,1,1
BRDA:64,6,0,10
BRDA:64,6,1,0
BRDA:64,7,0,10
BRDA:64,7,1,10
BRDA:95,8,0,2
BRDA:95,8,1,13
BRF:18
BRH:11
end_of_record
TN:
SF:src/components/auth/Registration.jsx
FN:8,Registration
FN:27,(anonymous_1)
FN:29,(anonymous_2)
FN:35,(anonymous_3)
FN:50,(anonymous_4)
FN:55,(anonymous_5)
FNF:6
FNH:0
FNDA:0,Registration
FNDA:0,(anonymous_1)
FNDA:0,(anonymous_2)
FNDA:0,(anonymous_3)
FNDA:0,(anonymous_4)
FNDA:0,(anonymous_5)
DA:10,0
DA:12,0
DA:25,0
DA:27,0
DA:28,0
DA:29,0
DA:35,0
DA:36,0
DA:37,0
DA:38,0
DA:40,0
DA:42,0
DA:44,0
DA:47,0
DA:50,0
DA:51,0
DA:52,0
DA:55,0
DA:56,0
DA:58,0
DA:59,0
DA:60,0
DA:63,0
DA:64,0
DA:65,0
DA:68,0
DA:70,0
DA:72,0
DA:73,0
DA:75,0
DA:77,0
DA:79,0
DA:81,0
DA:82,0
DA:83,0
DA:88,0
DA:92,0
LF:37
LH:0
BRDA:42,0,0,0
BRDA:42,0,1,0
BRDA:42,1,0,0
BRDA:42,1,1,0
BRDA:42,1,2,0
BRDA:58,2,0,0
BRDA:58,2,1,0
BRDA:63,3,0,0
BRDA:63,3,1,0
BRDA:68,4,0,0
BRDA:68,4,1,0
BRDA:72,5,0,0
BRDA:72,5,1,0
BRF:13
BRH:0
end_of_record
TN:
SF:src/components/auth/UserContext.jsx
FNF:0
FNH:0
DA:3,4
LF:1
LH:1
BRF:0
BRH:0
end_of_record
TN:
SF:src/components/main/Main.jsx
FN:8,Main
FN:12,(anonymous_1)
FN:18,(anonymous_2)
FNF:3
FNH:2
FNDA:6,Main
FNDA:1,(anonymous_1)
FNDA:0,(anonymous_2)
DA:9,6
DA:10,6
DA:12,6
DA:13,1
DA:14,1
DA:15,1
DA:18,6
DA:19,0
DA:23,6
LF:9
LH:8
BRF:0
BRH:0
end_of_record
TN:
SF:src/components/main/Post.jsx
FN:4,Post
FN:28,(anonymous_1)
FN:29,(anonymous_2)
FN:32,(anonymous_3)
FN:39,(anonymous_4)
FN:42,(anonymous_5)
FN:48,(anonymous_6)
FN:49,(anonymous_7)
FN:54,(anonymous_8)
FN:55,(anonymous_9)
FN:67,(anonymous_10)
FN:76,(anonymous_11)
FN:79,(anonymous_12)
FN:82,(anonymous_13)
FN:99,(anonymous_14)
FN:123,(anonymous_15)
FN:125,(anonymous_16)
FN:132,(anonymous_17)
FN:134,(anonymous_18)
FN:141,(anonymous_19)
FN:143,(anonymous_20)
FN:147,(anonymous_21)
FN:148,(anonymous_22)
FN:162,(anonymous_23)
FN:170,(anonymous_24)
FN:178,(anonymous_25)
FN:184,(anonymous_26)
FN:189,(anonymous_27)
FN:193,(anonymous_28)
FN:197,(anonymous_29)
FN:198,(anonymous_30)
FN:204,(anonymous_31)
FN:207,(anonymous_32)
FN:208,(anonymous_33)
FN:208,(anonymous_34)
FN:234,(anonymous_35)
FN:239,(anonymous_36)
FN:277,(anonymous_37)
FN:279,(anonymous_38)
FN:290,(anonymous_39)
FN:298,(anonymous_40)
FNF:41
FNH:23
FNDA:18,Post
FNDA:0,(anonymous_1)
FNDA:0,(anonymous_2)
FNDA:0,(anonymous_3)
FNDA:0,(anonymous_4)
FNDA:0,(anonymous_5)
FNDA:0,(anonymous_6)
FNDA:0,(anonymous_7)
FNDA:14,(anonymous_8)
FNDA:14,(anonymous_9)
FNDA:1,(anonymous_10)
FNDA:0,(anonymous_11)
FNDA:1,(anonymous_12)
FNDA:0,(anonymous_13)
FNDA:6,(anonymous_14)
FNDA:0,(anonymous_15)
FNDA:0,(anonymous_16)
FNDA:18,(anonymous_17)
FNDA:7,(anonymous_18)
FNDA:18,(anonymous_19)
FNDA:18,(anonymous_20)
FNDA:36,(anonymous_21)
FNDA:36,(anonymous_22)
FNDA:1,(anonymous_23)
FNDA:0,(anonymous_24)
FNDA:0,(anonymous_25)
FNDA:0,(anonymous_26)
FNDA:0,(anonymous_27)
FNDA:1,(anonymous_28)
FNDA:1,(anonymous_29)
FNDA:10,(anonymous_30)
FNDA:1,(anonymous_31)
FNDA:1,(anonymous_32)
FNDA:1,(anonymous_33)
FNDA:3,(anonymous_34)
FNDA:36,(anonymous_35)
FNDA:1,(anonymous_36)
FNDA:2,(anonymous_37)
FNDA:0,(anonymous_38)
FNDA:0,(anonymous_39)
FNDA:0,(anonymous_40)
DA:6,18
DA:7,18
DA:8,18
DA:9,18
DA:10,18
DA:11,18
DA:12,18
DA:13,18
DA:14,18
DA:15,18
DA:16,18
DA:20,18
DA:21,18
DA:24,18
DA:26,18
DA:28,18
DA:29,0
DA:32,18
DA:33,0
DA:34,0
DA:36,0
DA:39,18
DA:40,0
DA:42,18
DA:43,0
DA:44,0
DA:48,18
DA:49,0
DA:54,18
DA:55,14
DA:56,14
DA:57,14
DA:59,2
DA:60,1
DA:63,1
DA:64,1
DA:67,1
DA:76,1
DA:77,1
DA:79,1
DA:80,1
DA:82,1
DA:83,1
DA:84,1
DA:86,1
DA:90,1
DA:92,1
DA:95,14
DA:99,18
DA:100,6
DA:101,6
DA:103,1
DA:110,5
DA:111,5
DA:118,6
DA:123,18
DA:125,0
DA:126,0
DA:132,18
DA:134,18
DA:135,7
DA:138,18
DA:141,18
DA:143,18
DA:144,18
DA:147,18
DA:148,36
DA:149,36
DA:156,18
DA:157,18
DA:162,18
DA:163,1
DA:168,18
DA:170,18
DA:171,0
DA:178,0
DA:180,0
DA:181,0
DA:184,18
DA:185,0
DA:186,0
DA:189,18
DA:190,0
DA:193,18
DA:194,1
DA:197,18
DA:198,10
DA:199,1
DA:200,0
DA:201,0
DA:204,1
DA:207,18
DA:208,3
DA:214,18
DA:235,36
DA:239,1
DA:277,2
DA:280,0
DA:291,0
DA:298,0
LF:100
LH:78
BRDA:10,0,0,15
BRDA:10,0,1,3
BRDA:20,1,0,18
BRDA:20,1,1,11
BRDA:24,2,0,18
BRDA:24,2,1,3
BRDA:34,3,0,0
BRDA:34,3,1,0
BRDA:59,4,0,1
BRDA:59,4,1,1
BRDA:59,5,0,2
BRDA:59,5,1,1
BRDA:64,6,0,0
BRDA:64,6,1,1
BRDA:80,7,0,1
BRDA:80,7,1,1
BRDA:86,8,0,1
BRDA:86,8,1,1
BRDA:101,9,0,1
BRDA:101,9,1,5
BRDA:110,10,0,5
BRDA:110,10,1,0
BRDA:126,11,0,0
BRDA:126,11,1,0
BRDA:135,12,0,7
BRDA:135,12,1,7
BRDA:135,12,2,0
BRDA:135,12,3,0
BRDA:138,13,0,7
BRDA:138,13,1,11
BRDA:144,14,0,6
BRDA:144,14,1,12
BRDA:149,15,0,12
BRDA:149,15,1,24
BRDA:163,16,0,1
BRDA:163,16,1,1
BRDA:163,16,2,0
BRDA:163,16,3,0
BRDA:163,16,4,0
BRDA:168,17,0,2
BRDA:168,17,1,16
BRDA:199,18,0,0
BRDA:199,18,1,1
BRDA:226,19,0,0
BRDA:226,19,1,18
BRDA:226,20,0,15
BRDA:226,20,1,3
BRDA:226,21,0,18
BRDA:226,21,1,18
BRDA:238,22,0,36
BRDA:238,22,1,0
BRDA:260,23,0,0
BRDA:260,23,1,18
BRDA:282,24,0,0
BRDA:282,24,1,0
BRDA:299,25,0,0
BRDA:299,25,1,0
BRDA:303,26,0,0
BRDA:303,26,1,0
BRF:59
BRH:38
end_of_record
TN:
SF:src/components/profile/Profile.jsx
FN:8,Profile
FN:13,(anonymous_1)
FN:18,(anonymous_2)
FN:19,(anonymous_3)
FN:28,(anonymous_4)
FN:37,(anonymous_5)
FN:44,(anonymous_6)
FN:59,(anonymous_7)
FN:64,(anonymous_8)
FN:67,(anonymous_9)
FN:78,(anonymous_10)
FNF:11
FNH:4
FNDA:1,Profile
FNDA:0,(anonymous_1)
FNDA:1,(anonymous_2)
FNDA:0,(anonymous_3)
FNDA:1,(anonymous_4)
FNDA:1,(anonymous_5)
FNDA:0,(anonymous_6)
FNDA:0,(anonymous_7)
FNDA:0,(anonymous_8)
FNDA:0,(anonymous_9)
FNDA:0,(anonymous_10)
DA:10,1
DA:11,1
DA:12,1
DA:13,1
DA:14,0
DA:15,0
DA:18,1
DA:19,1
DA:20,0
DA:21,0
DA:22,0
DA:26,1
DA:28,1
DA:29,1
DA:37,1
DA:38,1
DA:39,1
DA:40,1
DA:44,1
DA:46,0
DA:47,0
DA:49,0
DA:51,0
DA:53,0
DA:56,0
DA:59,1
DA:60,0
DA:61,0
DA:64,1
DA:65,0
DA:67,0
DA:72,0
DA:73,0
DA:78,1
DA:80,0
DA:81,0
DA:82,0
DA:83,0
DA:86,0
DA:87,0
DA:88,0
DA:91,0
DA:92,0
DA:93,0
DA:96,0
DA:97,0
DA:98,0
DA:101,0
DA:102,0
DA:103,0
DA:106,0
DA:107,0
DA:108,0
DA:111,0
DA:112,0
DA:113,0
DA:115,0
DA:117,0
DA:118,0
DA:121,1
DA:122,0
DA:125,1
LF:62
LH:19
BRDA:10,0,0,1
BRDA:10,0,1,0
BRDA:20,1,0,0
BRDA:20,1,1,0
BRDA:21,2,0,0
BRDA:21,2,1,0
BRDA:38,3,0,0
BRDA:38,3,1,1
BRDA:39,4,0,1
BRDA:39,4,1,0
BRDA:51,5,0,0
BRDA:51,5,1,0
BRDA:51,6,0,0
BRDA:51,6,1,0
BRDA:51,6,2,0
BRDA:72,7,0,0
BRDA:72,7,1,0
BRDA:81,8,0,0
BRDA:81,8,1,0
BRDA:81,9,0,0
BRDA:81,9,1,0
BRDA:86,10,0,0
BRDA:86,10,1,0
BRDA:86,11,0,0
BRDA:86,11,1,0
BRDA:91,12,0,0
BRDA:91,12,1,0
BRDA:91,13,0,0
BRDA:91,13,1,0
BRDA:96,14,0,0
BRDA:96,14,1,0
BRDA:96,15,0,0
BRDA:96,15,1,0
BRDA:101,16,0,0
BRDA:101,16,1,0
BRDA:101,17,0,0
BRDA:101,17,1,0
BRDA:106,18,0,0
BRDA:106,18,1,0
BRDA:111,19,0,0
BRDA:111,19,1,0
BRDA:115,20,0,0
BRDA:115,20,1,0
BRDA:121,21,0,0
BRDA:121,21,1,1
BRDA:161,22,0,1
BRDA:161,22,1,0
BRDA:166,23,0,1
BRDA:166,23,1,0
BRDA:171,24,0,1
BRDA:171,24,1,0
BRDA:177,25,0,1
BRDA:177,25,1,0
BRDA:183,26,0,0
BRDA:183,26,1,1
BRDA:188,27,0,1
BRDA:188,27,1,0
BRF:57
BRH:10
end_of_record
