TN:
SF:src/components/auth/Landing.jsx
FN:8,Landing
FN:10,(anonymous_1)
FN:11,(anonymous_2)
FNF:3
FNH:3
FNDA:4,Landing
FNDA:2,(anonymous_1)
FNDA:2,(anonymous_2)
DA:9,4
DA:10,4
DA:11,2
DA:12,2
DA:13,2
DA:14,2
DA:16,2
DA:17,0
DA:20,2
DA:21,2
DA:22,2
DA:24,0
DA:28,2
DA:32,4
LF:14
LH:12
BRDA:16,0,0,0
BRDA:16,0,1,2
BRDA:16,1,0,2
BRDA:16,1,1,2
BRF:4
BRH:3
end_of_record
TN:
SF:src/components/auth/Login.jsx
FN:8,Login
FN:18,(anonymous_1)
FN:19,(anonymous_2)
FN:42,(anonymous_3)
FN:60,(anonymous_4)
FN:113,(anonymous_5)
FNF:6
FNH:6
FNDA:19,Login
FNDA:4,(anonymous_1)
FNDA:4,(anonymous_2)
FNDA:11,(anonymous_3)
FNDA:65,(anonymous_4)
FNDA:11,(anonymous_5)
DA:9,19
DA:10,19
DA:12,19
DA:13,19
DA:14,19
DA:16,19
DA:18,19
DA:19,4
DA:20,4
DA:21,4
DA:22,4
DA:26,4
DA:30,4
DA:31,4
DA:33,0
DA:34,0
DA:38,4
DA:42,19
DA:43,11
DA:48,11
DA:60,65
DA:62,11
DA:63,10
DA:64,10
DA:78,10
DA:79,10
DA:80,10
DA:81,10
DA:83,0
DA:84,0
DA:88,1
DA:94,19
DA:95,4
DA:99,15
DA:113,11
LF:35
LH:31
BRDA:22,0,0,0
BRDA:22,0,1,4
BRDA:43,1,0,0
BRDA:43,1,1,11
BRDA:48,2,0,0
BRDA:48,2,1,11
BRDA:48,3,0,11
BRDA:48,3,1,0
BRDA:62,4,0,10
BRDA:62,4,1,1
BRDA:63,5,0,10
BRDA:63,5,1,0
BRDA:63,6,0,10
BRDA:63,6,1,10
BRDA:94,7,0,4
BRDA:94,7,1,15
BRF:16
BRH:11
end_of_record
TN:
SF:src/components/auth/Registration.jsx
FN:9,Registration
FN:28,(anonymous_1)
FN:30,(anonymous_2)
FN:36,(anonymous_3)
FN:51,(anonymous_4)
FN:56,(anonymous_5)
FNF:6
FNH:6
FNDA:12,Registration
FNDA:4,(anonymous_1)
FNDA:4,(anonymous_2)
FNDA:2,(anonymous_3)
FNDA:1,(anonymous_4)
FNDA:2,(anonymous_5)
DA:11,12
DA:12,12
DA:14,12
DA:28,12
DA:29,4
DA:30,4
DA:36,12
DA:37,2
DA:38,2
DA:39,2
DA:41,2
DA:43,2
DA:45,0
DA:48,2
DA:51,12
DA:52,1
DA:53,1
DA:56,12
DA:57,2
DA:59,2
DA:60,1
DA:61,1
DA:64,1
DA:65,1
DA:66,1
DA:93,12
LF:26
LH:25
BRDA:43,0,0,0
BRDA:43,0,1,2
BRDA:43,1,0,2
BRDA:43,1,1,2
BRDA:43,1,2,0
BRDA:59,2,0,1
BRDA:59,2,1,1
BRDA:64,3,0,1
BRDA:64,3,1,0
BRF:9
BRH:6
end_of_record
TN:
SF:src/components/auth/UserContext.jsx
FNF:0
FNH:0
DA:3,6
LF:1
LH:1
BRF:0
BRH:0
end_of_record
TN:
SF:src/components/main/Main.jsx
FN:8,Main
FN:12,(anonymous_1)
FN:18,(anonymous_2)
FNF:3
FNH:2
FNDA:6,Main
FNDA:1,(anonymous_1)
FNDA:0,(anonymous_2)
DA:9,6
DA:10,6
DA:12,6
DA:13,1
DA:14,1
DA:15,1
DA:18,6
DA:19,0
DA:23,6
LF:9
LH:8
BRF:0
BRH:0
end_of_record
TN:
SF:src/components/main/Post.jsx
FN:4,Post
FN:28,(anonymous_1)
FN:32,(anonymous_2)
FN:39,(anonymous_3)
FN:42,(anonymous_4)
FN:48,(anonymous_5)
FN:54,(anonymous_6)
FN:55,(anonymous_7)
FN:67,(anonymous_8)
FN:76,(anonymous_9)
FN:79,(anonymous_10)
FN:82,(anonymous_11)
FN:99,(anonymous_12)
FN:123,(anonymous_13)
FN:132,(anonymous_14)
FN:134,(anonymous_15)
FN:141,(anonymous_16)
FN:143,(anonymous_17)
FN:147,(anonymous_18)
FN:148,(anonymous_19)
FN:162,(anonymous_20)
FN:170,(anonymous_21)
FN:184,(anonymous_22)
FN:189,(anonymous_23)
FN:193,(anonymous_24)
FN:197,(anonymous_25)
FN:198,(anonymous_26)
FN:204,(anonymous_27)
FN:207,(anonymous_28)
FN:208,(anonymous_29)
FN:208,(anonymous_30)
FN:234,(anonymous_31)
FN:239,(anonymous_32)
FN:277,(anonymous_33)
FN:290,(anonymous_34)
FNF:35
FNH:23
FNDA:18,Post
FNDA:0,(anonymous_1)
FNDA:0,(anonymous_2)
FNDA:0,(anonymous_3)
FNDA:0,(anonymous_4)
FNDA:0,(anonymous_5)
FNDA:14,(anonymous_6)
FNDA:14,(anonymous_7)
FNDA:1,(anonymous_8)
FNDA:0,(anonymous_9)
FNDA:1,(anonymous_10)
FNDA:0,(anonymous_11)
FNDA:6,(anonymous_12)
FNDA:0,(anonymous_13)
FNDA:18,(anonymous_14)
FNDA:7,(anonymous_15)
FNDA:18,(anonymous_16)
FNDA:18,(anonymous_17)
FNDA:36,(anonymous_18)
FNDA:36,(anonymous_19)
FNDA:1,(anonymous_20)
FNDA:0,(anonymous_21)
FNDA:0,(anonymous_22)
FNDA:0,(anonymous_23)
FNDA:1,(anonymous_24)
FNDA:1,(anonymous_25)
FNDA:10,(anonymous_26)
FNDA:1,(anonymous_27)
FNDA:1,(anonymous_28)
FNDA:1,(anonymous_29)
FNDA:3,(anonymous_30)
FNDA:36,(anonymous_31)
FNDA:1,(anonymous_32)
FNDA:2,(anonymous_33)
FNDA:0,(anonymous_34)
DA:6,18
DA:7,18
DA:8,18
DA:9,18
DA:10,18
DA:11,18
DA:12,18
DA:13,18
DA:14,18
DA:15,18
DA:16,18
DA:20,18
DA:21,18
DA:24,18
DA:26,18
DA:28,18
DA:32,18
DA:39,18
DA:42,18
DA:48,18
DA:54,18
DA:55,14
DA:56,14
DA:57,14
DA:59,2
DA:60,1
DA:63,1
DA:64,1
DA:67,1
DA:76,1
DA:77,1
DA:79,1
DA:80,1
DA:82,1
DA:83,1
DA:84,1
DA:86,1
DA:90,1
DA:92,1
DA:95,14
DA:99,18
DA:100,6
DA:101,6
DA:103,1
DA:110,5
DA:111,5
DA:118,6
DA:123,18
DA:132,18
DA:134,18
DA:135,7
DA:138,18
DA:141,18
DA:143,18
DA:144,18
DA:147,18
DA:148,36
DA:149,36
DA:156,18
DA:157,18
DA:162,18
DA:163,1
DA:168,18
DA:170,18
DA:184,18
DA:189,18
DA:193,18
DA:194,1
DA:197,18
DA:198,10
DA:199,1
DA:200,0
DA:201,0
DA:204,1
DA:207,18
DA:208,3
DA:214,18
DA:235,36
DA:239,1
DA:277,2
DA:291,0
LF:81
LH:78
BRDA:10,0,0,15
BRDA:10,0,1,3
BRDA:20,1,0,18
BRDA:20,1,1,11
BRDA:24,2,0,18
BRDA:24,2,1,3
BRDA:59,3,0,1
BRDA:59,3,1,1
BRDA:59,4,0,2
BRDA:59,4,1,1
BRDA:64,5,0,0
BRDA:64,5,1,1
BRDA:80,6,0,1
BRDA:80,6,1,1
BRDA:86,7,0,1
BRDA:86,7,1,1
BRDA:101,8,0,1
BRDA:101,8,1,5
BRDA:110,9,0,5
BRDA:110,9,1,0
BRDA:135,10,0,7
BRDA:135,10,1,7
BRDA:135,10,2,0
BRDA:135,10,3,0
BRDA:138,11,0,7
BRDA:138,11,1,11
BRDA:144,12,0,6
BRDA:144,12,1,12
BRDA:149,13,0,12
BRDA:149,13,1,24
BRDA:163,14,0,1
BRDA:163,14,1,1
BRDA:163,14,2,0
BRDA:163,14,3,0
BRDA:163,14,4,0
BRDA:168,15,0,2
BRDA:168,15,1,16
BRDA:199,16,0,0
BRDA:199,16,1,1
BRDA:226,17,0,0
BRDA:226,17,1,18
BRDA:226,18,0,15
BRDA:226,18,1,3
BRDA:226,19,0,18
BRDA:226,19,1,18
BRDA:238,20,0,36
BRDA:238,20,1,0
BRDA:260,21,0,0
BRDA:260,21,1,18
BRDA:303,22,0,0
BRDA:303,22,1,0
BRF:51
BRH:38
end_of_record
TN:
SF:src/components/profile/Profile.jsx
FN:6,Profile
FN:10,(anonymous_1)
FN:15,(anonymous_2)
FN:16,(anonymous_3)
FN:25,(anonymous_4)
FN:34,(anonymous_5)
FN:42,(anonymous_6)
FN:56,(anonymous_7)
FNF:8
FNH:5
FNDA:2,Profile
FNDA:0,(anonymous_1)
FNDA:1,(anonymous_2)
FNDA:0,(anonymous_3)
FNDA:1,(anonymous_4)
FNDA:2,(anonymous_5)
FNDA:0,(anonymous_6)
FNDA:1,(anonymous_7)
DA:7,2
DA:8,2
DA:9,2
DA:10,2
DA:11,0
DA:12,0
DA:15,2
DA:16,1
DA:17,0
DA:18,0
DA:19,0
DA:23,1
DA:25,1
DA:26,1
DA:34,2
DA:35,2
DA:36,2
DA:37,2
DA:42,2
DA:56,2
DA:58,1
DA:92,1
DA:97,2
LF:23
LH:18
BRDA:7,0,0,2
BRDA:7,0,1,1
BRDA:17,1,0,0
BRDA:17,1,1,0
BRDA:18,2,0,0
BRDA:18,2,1,0
BRDA:35,3,0,1
BRDA:35,3,1,1
BRDA:36,4,0,1
BRDA:36,4,1,1
BRDA:133,5,0,1
BRDA:133,5,1,1
BRDA:138,6,0,1
BRDA:138,6,1,1
BRDA:143,7,0,1
BRDA:143,7,1,1
BRDA:149,8,0,2
BRDA:149,8,1,1
BRDA:155,9,0,0
BRDA:155,9,1,2
BRDA:160,10,0,2
BRDA:160,10,1,0
BRF:22
BRH:16
end_of_record
